2025-06-27 10:05:24,097 - SCLogAnalysisTool - INFO - UI Event - switch_tab - MainWindow - Tab: /Users/chenguodong/Desktop/workplace/log/android.log
2025-06-27 10:05:24,097 - SCLogAnalysisTool - INFO - UI Event - state_change - TabItem - Tab: android.log, Selected: True
2025-06-27 10:05:24,099 - SCLogAnalysisTool - INFO - UI Event - show_page - MainWindow - EditorView
2025-06-27 10:05:24,099 - SCLogAnalysisTool - INFO - UI Event - switch_tab - MainWindow - Tab: /Users/chenguodong/Desktop/workplace/log/android.log
2025-06-27 10:05:32,554 - SCLogAnalysisTool - INFO - UI Event - set_expression - FilterInput - Expression: smartaddx
2025-06-27 10:05:32,554 - SCLogAnalysisTool - INFO - UI Event - text_change - FilterInput - Text: smartaddx
2025-06-27 10:05:32,554 - SCLogAnalysisTool - INFO - UI Event - apply_filter - FilterInput - Text: smartaddx, Options: case=False, word=False, regex=False
2025-06-27 10:05:32,571 - SCLogAnalysisTool - INFO - UI Event - match_count_change - FilterInput - Total matches: 885
2025-06-27 10:05:33,816 - SCLogAnalysisTool - INFO - UI Event - navigate - NextMatchButton - Current: 4/885
2025-06-27 10:05:34,161 - SCLogAnalysisTool - INFO - UI Event - navigate - NextMatchButton - Current: 5/885
2025-06-27 10:05:34,348 - SCLogAnalysisTool - INFO - UI Event - navigate - NextMatchButton - Current: 6/885
2025-06-27 10:05:34,713 - SCLogAnalysisTool - INFO - UI Event - navigate - NextMatchButton - Current: 7/885
2025-06-27 10:05:34,936 - SCLogAnalysisTool - INFO - UI Event - navigate - NextMatchButton - Current: 8/885
2025-06-27 10:05:35,136 - SCLogAnalysisTool - INFO - UI Event - navigate - NextMatchButton - Current: 9/885
2025-06-27 10:05:35,292 - SCLogAnalysisTool - INFO - UI Event - navigate - NextMatchButton - Current: 10/885
2025-06-27 10:05:35,480 - SCLogAnalysisTool - INFO - UI Event - navigate - NextMatchButton - Current: 11/885
2025-06-27 10:05:35,680 - SCLogAnalysisTool - INFO - UI Event - navigate - NextMatchButton - Current: 12/885
2025-06-27 10:05:35,824 - SCLogAnalysisTool - INFO - UI Event - navigate - NextMatchButton - Current: 13/885
2025-06-27 10:05:36,016 - SCLogAnalysisTool - INFO - UI Event - navigate - NextMatchButton - Current: 14/885
2025-06-27 10:05:36,175 - SCLogAnalysisTool - INFO - UI Event - navigate - NextMatchButton - Current: 15/885
2025-06-27 10:08:10,908 - SCLogAnalysisTool - INFO - UI Event - switch_tab - MainWindow - Tab: /Users/chenguodong/Desktop/workplace/log/android.log
2025-06-27 10:08:10,908 - SCLogAnalysisTool - INFO - UI Event - state_change - TabItem - Tab: android.log, Selected: True
2025-06-27 10:08:10,909 - SCLogAnalysisTool - INFO - UI Event - show_page - MainWindow - EditorView
2025-06-27 10:08:10,910 - SCLogAnalysisTool - INFO - UI Event - switch_tab - MainWindow - Tab: /Users/chenguodong/Desktop/workplace/log/android.log
2025-06-27 10:10:11,786 - SCLogAnalysisTool - INFO - UI Event - switch_tab - MainWindow - Tab: /Users/chenguodong/Desktop/workplace/log/android.log
2025-06-27 10:10:11,787 - SCLogAnalysisTool - INFO - UI Event - state_change - TabItem - Tab: android.log, Selected: True
2025-06-27 10:10:11,787 - SCLogAnalysisTool - INFO - UI Event - show_page - MainWindow - EditorView
2025-06-27 10:10:11,788 - SCLogAnalysisTool - INFO - UI Event - switch_tab - MainWindow - Tab: /Users/chenguodong/Desktop/workplace/log/android.log
2025-06-27 10:10:20,654 - SCLogAnalysisTool - INFO - UI Event - switch_tab - MainWindow - Tab: /Users/chenguodong/Desktop/workplace/log/android.log
2025-06-27 10:10:20,654 - SCLogAnalysisTool - INFO - UI Event - state_change - TabItem - Tab: android.log, Selected: True
2025-06-27 10:10:20,654 - SCLogAnalysisTool - INFO - UI Event - show_page - MainWindow - EditorView
2025-06-27 10:10:20,655 - SCLogAnalysisTool - INFO - UI Event - switch_tab - MainWindow - Tab: /Users/chenguodong/Desktop/workplace/log/android.log
2025-06-27 10:12:13,783 - SCLogAnalysisTool - INFO - UI Event - switch_tab - MainWindow - Tab: /Users/chenguodong/Desktop/workplace/log/android.log
2025-06-27 10:12:13,783 - SCLogAnalysisTool - INFO - UI Event - state_change - TabItem - Tab: android.log, Selected: True
2025-06-27 10:12:13,784 - SCLogAnalysisTool - INFO - UI Event - show_page - MainWindow - EditorView
2025-06-27 10:12:13,785 - SCLogAnalysisTool - INFO - UI Event - switch_tab - MainWindow - Tab: /Users/chenguodong/Desktop/workplace/log/android.log
2025-06-27 10:12:17,710 - SCLogAnalysisTool - INFO - UI Event - toggle_view - FilterPanel - Visible: True
2025-06-27 10:13:05,551 - SCLogAnalysisTool - INFO - UI Event - switch_tab - MainWindow - Tab: /Users/chenguodong/Desktop/workplace/log/android.log
2025-06-27 10:13:05,551 - SCLogAnalysisTool - INFO - UI Event - state_change - TabItem - Tab: android.log, Selected: True
2025-06-27 10:13:05,551 - SCLogAnalysisTool - INFO - UI Event - show_page - MainWindow - EditorView
2025-06-27 10:13:05,552 - SCLogAnalysisTool - INFO - UI Event - switch_tab - MainWindow - Tab: /Users/chenguodong/Desktop/workplace/log/android.log
2025-06-27 10:14:50,945 - SCLogAnalysisTool - INFO - UI Event - switch_tab - MainWindow - Tab: /Users/chenguodong/Desktop/workplace/log/android.log
2025-06-27 10:14:50,945 - SCLogAnalysisTool - INFO - UI Event - state_change - TabItem - Tab: android.log, Selected: True
2025-06-27 10:14:50,945 - SCLogAnalysisTool - INFO - UI Event - show_page - MainWindow - EditorView
2025-06-27 10:14:50,946 - SCLogAnalysisTool - INFO - UI Event - switch_tab - MainWindow - Tab: /Users/chenguodong/Desktop/workplace/log/android.log
2025-06-27 10:14:53,384 - SCLogAnalysisTool - INFO - UI Event - toggle_view - FilterPanel - Visible: True
2025-06-27 10:17:14,832 - SCLogAnalysisTool - INFO - UI Event - switch_tab - MainWindow - Tab: /Users/chenguodong/Desktop/workplace/log/android.log
2025-06-27 10:17:14,833 - SCLogAnalysisTool - INFO - UI Event - state_change - TabItem - Tab: android.log, Selected: True
2025-06-27 10:17:14,833 - SCLogAnalysisTool - INFO - UI Event - show_page - MainWindow - EditorView
2025-06-27 10:17:14,834 - SCLogAnalysisTool - INFO - UI Event - switch_tab - MainWindow - Tab: /Users/chenguodong/Desktop/workplace/log/android.log
2025-06-27 10:17:17,224 - SCLogAnalysisTool - INFO - UI Event - toggle_view - FilterPanel - Visible: True
2025-06-27 10:18:44,519 - SCLogAnalysisTool - INFO - UI Event - switch_tab - MainWindow - Tab: /Users/chenguodong/Desktop/workplace/log/android.log
2025-06-27 10:18:44,519 - SCLogAnalysisTool - INFO - UI Event - state_change - TabItem - Tab: android.log, Selected: True
2025-06-27 10:18:44,519 - SCLogAnalysisTool - INFO - UI Event - show_page - MainWindow - EditorView
2025-06-27 10:18:44,520 - SCLogAnalysisTool - INFO - UI Event - switch_tab - MainWindow - Tab: /Users/chenguodong/Desktop/workplace/log/android.log
2025-06-27 10:18:46,722 - SCLogAnalysisTool - INFO - UI Event - toggle_view - FilterPanel - Visible: True
2025-06-27 10:19:04,209 - SCLogAnalysisTool - INFO - UI Event - switch_tab - MainWindow - Tab: /Users/chenguodong/Desktop/workplace/log/android.log
2025-06-27 10:19:04,209 - SCLogAnalysisTool - INFO - UI Event - state_change - TabItem - Tab: android.log, Selected: True
2025-06-27 10:19:04,209 - SCLogAnalysisTool - INFO - UI Event - show_page - MainWindow - EditorView
2025-06-27 10:19:04,210 - SCLogAnalysisTool - INFO - UI Event - switch_tab - MainWindow - Tab: /Users/chenguodong/Desktop/workplace/log/android.log
2025-06-27 10:19:09,466 - SCLogAnalysisTool - INFO - UI Event - toggle_view - FilterPanel - Visible: True
2025-06-27 10:19:21,305 - SCLogAnalysisTool - INFO - UI Event - switch_tab - MainWindow - Tab: /Users/chenguodong/Desktop/workplace/log/android.log
2025-06-27 10:19:21,305 - SCLogAnalysisTool - INFO - UI Event - state_change - TabItem - Tab: android.log, Selected: True
2025-06-27 10:19:21,305 - SCLogAnalysisTool - INFO - UI Event - show_page - MainWindow - EditorView
2025-06-27 10:19:21,306 - SCLogAnalysisTool - INFO - UI Event - switch_tab - MainWindow - Tab: /Users/chenguodong/Desktop/workplace/log/android.log
2025-06-27 10:19:33,188 - SCLogAnalysisTool - INFO - UI Event - switch_tab - MainWindow - Tab: /Users/chenguodong/Desktop/workplace/log/android.log
2025-06-27 10:19:33,188 - SCLogAnalysisTool - INFO - UI Event - state_change - TabItem - Tab: android.log, Selected: True
2025-06-27 10:19:33,188 - SCLogAnalysisTool - INFO - UI Event - show_page - MainWindow - EditorView
2025-06-27 10:19:33,189 - SCLogAnalysisTool - INFO - UI Event - switch_tab - MainWindow - Tab: /Users/chenguodong/Desktop/workplace/log/android.log
2025-06-27 10:19:45,104 - SCLogAnalysisTool - INFO - UI Event - switch_tab - MainWindow - Tab: /Users/chenguodong/Desktop/workplace/log/android.log
2025-06-27 10:19:45,104 - SCLogAnalysisTool - INFO - UI Event - state_change - TabItem - Tab: android.log, Selected: True
2025-06-27 10:19:45,105 - SCLogAnalysisTool - INFO - UI Event - show_page - MainWindow - EditorView
2025-06-27 10:19:45,105 - SCLogAnalysisTool - INFO - UI Event - switch_tab - MainWindow - Tab: /Users/chenguodong/Desktop/workplace/log/android.log
2025-06-27 10:19:47,849 - SCLogAnalysisTool - INFO - UI Event - toggle_view - FilterPanel - Visible: True
2025-06-27 10:21:48,937 - SCLogAnalysisTool - INFO - UI Event - switch_tab - MainWindow - Tab: /Users/chenguodong/Desktop/workplace/log/android.log
2025-06-27 10:21:48,937 - SCLogAnalysisTool - INFO - UI Event - state_change - TabItem - Tab: android.log, Selected: True
2025-06-27 10:21:48,938 - SCLogAnalysisTool - INFO - UI Event - show_page - MainWindow - EditorView
2025-06-27 10:21:48,939 - SCLogAnalysisTool - INFO - UI Event - switch_tab - MainWindow - Tab: /Users/chenguodong/Desktop/workplace/log/android.log
2025-06-27 10:21:51,181 - SCLogAnalysisTool - INFO - UI Event - toggle_view - FilterPanel - Visible: True
2025-06-27 10:22:02,733 - SCLogAnalysisTool - INFO - UI Event - set_expression - FilterInput - Expression: smartaddx
2025-06-27 10:22:02,733 - SCLogAnalysisTool - INFO - UI Event - text_change - FilterInput - Text: smartaddx
2025-06-27 10:22:02,733 - SCLogAnalysisTool - INFO - UI Event - apply_filter - FilterInput - Text: smartaddx, Options: case=False, word=False, regex=False
2025-06-27 10:22:02,759 - SCLogAnalysisTool - INFO - UI Event - match_count_change - FilterInput - Total matches: 885
2025-06-27 10:22:08,851 - SCLogAnalysisTool - INFO - UI Event - set_expression - FilterInput - Expression: smartaddx
2025-06-27 10:22:08,852 - SCLogAnalysisTool - INFO - UI Event - apply_filter - FilterInput - Text: smartaddx, Options: case=False, word=False, regex=False
2025-06-27 10:22:16,156 - SCLogAnalysisTool - INFO - UI Event - set_expression - FilterInput - Expression: smartaddx
2025-06-27 10:22:16,156 - SCLogAnalysisTool - INFO - UI Event - apply_filter - FilterInput - Text: smartaddx, Options: case=False, word=False, regex=False
2025-06-27 10:23:07,305 - SCLogAnalysisTool - INFO - UI Event - switch_tab - MainWindow - Tab: /Users/chenguodong/Desktop/workplace/log/android.log
2025-06-27 10:23:07,305 - SCLogAnalysisTool - INFO - UI Event - state_change - TabItem - Tab: android.log, Selected: True
2025-06-27 10:23:07,306 - SCLogAnalysisTool - INFO - UI Event - show_page - MainWindow - EditorView
2025-06-27 10:23:07,306 - SCLogAnalysisTool - INFO - UI Event - switch_tab - MainWindow - Tab: /Users/chenguodong/Desktop/workplace/log/android.log
2025-06-27 10:23:09,081 - SCLogAnalysisTool - INFO - UI Event - click - TabCloseButton - Tab: android.log
2025-06-27 10:23:09,082 - SCLogAnalysisTool - INFO - UI Event - close_tab - MainWindow - Tab: /Users/chenguodong/Desktop/workplace/log/android.log
2025-06-27 10:23:09,089 - SCLogAnalysisTool - INFO - UI Event - show_page - MainWindow - WelcomePage
2025-06-27 10:23:39,084 - SCLogAnalysisTool - INFO - UI Event - switch_tab - MainWindow - Tab: /Users/chenguodong/Downloads/2024-09-30_tty.usbserial-141310.log
2025-06-27 10:23:39,085 - SCLogAnalysisTool - INFO - UI Event - state_change - TabItem - Tab: 2024-09-30_tty.usbserial-141310.log, Selected: True
2025-06-27 10:23:39,149 - SCLogAnalysisTool - INFO - UI Event - show_page - MainWindow - EditorView
2025-06-27 10:23:44,798 - SCLogAnalysisTool - INFO - UI Event - set_expression - FilterInput - Expression: electricity
2025-06-27 10:23:44,798 - SCLogAnalysisTool - INFO - UI Event - text_change - FilterInput - Text: electricity
2025-06-27 10:23:44,798 - SCLogAnalysisTool - INFO - UI Event - apply_filter - FilterInput - Text: electricity, Options: case=False, word=False, regex=False
2025-06-27 10:23:46,358 - SCLogAnalysisTool - INFO - UI Event - match_count_change - FilterInput - Total matches: 1751
2025-06-27 10:24:12,267 - SCLogAnalysisTool - INFO - UI Event - navigate - NextMatchButton - Current: 8/1751
2025-06-27 10:24:13,336 - SCLogAnalysisTool - INFO - UI Event - navigate - NextMatchButton - Current: 9/1751
2025-06-27 10:24:15,035 - SCLogAnalysisTool - INFO - UI Event - navigate - NextMatchButton - Current: 10/1751
2025-06-27 10:24:15,566 - SCLogAnalysisTool - INFO - UI Event - navigate - NextMatchButton - Current: 11/1751
2025-06-27 10:24:16,655 - SCLogAnalysisTool - INFO - UI Event - navigate - NextMatchButton - Current: 12/1751
2025-06-27 10:24:52,311 - SCLogAnalysisTool - INFO - UI Event - click - TabCloseButton - Tab: 2024-09-30_tty.usbserial-141310.log
2025-06-27 10:24:52,312 - SCLogAnalysisTool - INFO - UI Event - close_tab - MainWindow - Tab: /Users/chenguodong/Downloads/2024-09-30_tty.usbserial-141310.log
2025-06-27 10:24:52,318 - SCLogAnalysisTool - INFO - UI Event - show_page - MainWindow - WelcomePage
2025-06-27 10:26:38,473 - SCLogAnalysisTool - INFO - UI Event - show_page - MainWindow - WelcomePage
2025-06-27 17:52:12,052 - SCLogAnalysisTool - INFO - UI Event - show_page - MainWindow - WelcomePage
2025-06-27 17:54:07,228 - SCLogAnalysisTool - INFO - UI Event - switch_tab - MainWindow - Tab: /Users/chenguodong/Downloads/2024-09-30_tty.usbserial-141310.log
2025-06-27 17:54:07,229 - SCLogAnalysisTool - INFO - UI Event - state_change - TabItem - Tab: 2024-09-30_tty.usbserial-141310.log, Selected: True
2025-06-27 17:54:07,233 - SCLogAnalysisTool - INFO - UI Event - show_page - MainWindow - EditorView
2025-06-27 17:54:29,821 - SCLogAnalysisTool - INFO - UI Event - switch_tab - MainWindow - Tab: /Users/chenguodong/Downloads/2024-09-30_tty.usbserial-141310.log
2025-06-27 17:54:29,821 - SCLogAnalysisTool - INFO - UI Event - state_change - TabItem - Tab: 2024-09-30_tty.usbserial-141310.log, Selected: True
2025-06-27 17:54:29,822 - SCLogAnalysisTool - INFO - UI Event - show_page - MainWindow - EditorView
2025-06-27 17:54:29,823 - SCLogAnalysisTool - INFO - UI Event - switch_tab - MainWindow - Tab: /Users/chenguodong/Downloads/2024-09-30_tty.usbserial-141310.log
2025-06-27 17:54:40,504 - SCLogAnalysisTool - INFO - UI Event - click - TabCloseButton - Tab: 2024-09-30_tty.usbserial-141310.log
2025-06-27 17:54:40,506 - SCLogAnalysisTool - INFO - UI Event - close_tab - MainWindow - Tab: /Users/chenguodong/Downloads/2024-09-30_tty.usbserial-141310.log
2025-06-27 17:54:40,510 - SCLogAnalysisTool - INFO - UI Event - show_page - MainWindow - WelcomePage
2025-06-27 17:54:42,910 - SCLogAnalysisTool - INFO - UI Event - switch_tab - MainWindow - Tab: /Users/chenguodong/Downloads/2024-09-30_tty.usbserial-141310.log
2025-06-27 17:54:42,911 - SCLogAnalysisTool - INFO - UI Event - state_change - TabItem - Tab: 2024-09-30_tty.usbserial-141310.log, Selected: True
2025-06-27 17:54:42,912 - SCLogAnalysisTool - INFO - UI Event - show_page - MainWindow - EditorView
2025-06-27 17:55:03,001 - SCLogAnalysisTool - INFO - UI Event - set_expression - FilterInput - Expression: videoEncType
2025-06-27 17:55:03,002 - SCLogAnalysisTool - INFO - UI Event - text_change - FilterInput - Text: videoEncType
2025-06-27 17:55:03,002 - SCLogAnalysisTool - INFO - UI Event - apply_filter - FilterInput - Text: videoEncType, Options: case=False, word=False, regex=False
2025-06-27 17:56:01,386 - SCLogAnalysisTool - INFO - UI Event - switch_tab - MainWindow - Tab: /Users/chenguodong/Downloads/2024-09-30_tty.usbserial-141310.log
2025-06-27 17:56:01,388 - SCLogAnalysisTool - INFO - UI Event - state_change - TabItem - Tab: 2024-09-30_tty.usbserial-141310.log, Selected: True
2025-06-27 17:56:01,389 - SCLogAnalysisTool - INFO - UI Event - show_page - MainWindow - EditorView
2025-06-27 17:56:01,389 - SCLogAnalysisTool - INFO - UI Event - switch_tab - MainWindow - Tab: /Users/chenguodong/Downloads/2024-09-30_tty.usbserial-141310.log
2025-06-27 17:56:03,847 - SCLogAnalysisTool - INFO - UI Event - click - TabCloseButton - Tab: 2024-09-30_tty.usbserial-141310.log
2025-06-27 17:56:03,847 - SCLogAnalysisTool - INFO - UI Event - close_tab - MainWindow - Tab: /Users/chenguodong/Downloads/2024-09-30_tty.usbserial-141310.log
2025-06-27 17:56:03,853 - SCLogAnalysisTool - INFO - UI Event - show_page - MainWindow - WelcomePage
2025-06-27 17:56:08,036 - SCLogAnalysisTool - INFO - UI Event - show_page - MainWindow - WelcomePage
2025-06-27 17:56:12,143 - SCLogAnalysisTool - INFO - UI Event - show_page - MainWindow - WelcomePage
2025-06-27 17:56:14,123 - SCLogAnalysisTool - INFO - UI Event - switch_tab - MainWindow - Tab: /Users/chenguodong/Desktop/workplace/log/android.log
2025-06-27 17:56:14,123 - SCLogAnalysisTool - INFO - UI Event - state_change - TabItem - Tab: android.log, Selected: True
2025-06-27 17:56:14,154 - SCLogAnalysisTool - INFO - UI Event - show_page - MainWindow - EditorView
2025-06-27 17:56:15,168 - SCLogAnalysisTool - INFO - UI Event - click - TabCloseButton - Tab: android.log
2025-06-27 17:56:15,168 - SCLogAnalysisTool - INFO - UI Event - close_tab - MainWindow - Tab: /Users/chenguodong/Desktop/workplace/log/android.log
2025-06-27 17:56:15,170 - SCLogAnalysisTool - INFO - UI Event - show_page - MainWindow - WelcomePage
2025-06-27 18:13:14,848 - SCLogAnalysisTool - INFO - UI Event - show_page - MainWindow - WelcomePage
2025-06-27 18:14:54,634 - SCLogAnalysisTool - INFO - UI Event - show_page - MainWindow - WelcomePage
2025-06-27 18:21:36,109 - SCLogAnalysisTool - INFO - UI Event - show_page - MainWindow - WelcomePage
2025-06-27 18:23:05,274 - SCLogAnalysisTool - INFO - UI Event - show_page - MainWindow - WelcomePage
2025-06-27 18:23:06,672 - SCLogAnalysisTool - INFO - UI Event - click - OpenFileButton - WelcomePage
2025-06-27 18:23:06,672 - SCLogAnalysisTool - INFO - UI Event - open_file_dialog - MainWindow
2025-06-27 18:23:17,394 - SCLogAnalysisTool - INFO - UI Event - open_file - MainWindow - File: /Users/chenguodong/Desktop/workplace/log/android.log
2025-06-27 18:23:17,484 - SCLogAnalysisTool - INFO - UI Event - switch_tab - MainWindow - Tab: /Users/chenguodong/Desktop/workplace/log/android.log
2025-06-27 18:23:17,484 - SCLogAnalysisTool - INFO - UI Event - state_change - TabItem - Tab: android.log, Selected: True
2025-06-27 18:23:17,518 - SCLogAnalysisTool - INFO - UI Event - show_page - MainWindow - EditorView
2025-06-27 18:23:18,876 - SCLogAnalysisTool - INFO - UI Event - click - TabCloseButton - Tab: android.log
2025-06-27 18:23:18,876 - SCLogAnalysisTool - INFO - UI Event - close_tab - MainWindow - Tab: /Users/chenguodong/Desktop/workplace/log/android.log
2025-06-27 18:23:18,881 - SCLogAnalysisTool - INFO - UI Event - show_page - MainWindow - WelcomePage
2025-06-27 18:23:22,084 - SCLogAnalysisTool - INFO - UI Event - show_page - MainWindow - WelcomePage
