2025-06-26 10:18:49,190 - SCLogAnalysisTool - INFO - UI Event - switch_tab - MainWindow - Tab: /Users/chenguodong/Downloads/2024-11-25_tty.usbserial-143410.log
2025-06-26 10:18:49,190 - SCLogAnalysisTool - INFO - UI Event - state_change - TabItem - Tab: 2024-11-25_tty.usbserial-143410.log, Selected: True
2025-06-26 10:18:49,192 - SCLogAnalysisTool - INFO - UI Event - show_page - MainWindow - EditorView
2025-06-26 10:18:49,194 - SCLogAnalysisTool - INFO - UI Event - switch_tab - MainWindow - Tab: /Users/chenguodong/Downloads/2024-11-25_tty.usbserial-143410.log
2025-06-26 10:18:51,500 - SCLogAnalysisTool - INFO - UI Event - set_expression - FilterInput - Expression: videoChnEnable
2025-06-26 10:18:51,500 - SCLogAnalysisTool - INFO - UI Event - text_change - FilterInput - Text: videoChnEnable
2025-06-26 10:18:51,500 - SCLogAnalysisTool - INFO - UI Event - apply_filter - FilterInput - Text: videoChnEnable, Options: case=False, word=False, regex=False
2025-06-26 10:18:51,542 - SCLogAnalysisTool - INFO - UI Event - match_count_change - FilterInput - Total matches: 107
2025-06-26 10:18:55,294 - SCLogAnalysisTool - INFO - UI Event - navigate - NextMatchButton - Current: 2/107
2025-06-26 10:18:59,490 - SCLogAnalysisTool - INFO - UI Event - navigate - NextMatchButton - Current: 3/107
2025-06-26 10:20:30,729 - SCLogAnalysisTool - INFO - UI Event - navigate - NextMatchButton - Current: 4/107
2025-06-26 10:20:31,070 - SCLogAnalysisTool - INFO - UI Event - navigate - NextMatchButton - Current: 5/107
2025-06-26 10:20:31,681 - SCLogAnalysisTool - INFO - UI Event - navigate - NextMatchButton - Current: 6/107
2025-06-26 10:20:31,887 - SCLogAnalysisTool - INFO - UI Event - navigate - NextMatchButton - Current: 7/107
2025-06-26 10:20:32,087 - SCLogAnalysisTool - INFO - UI Event - navigate - NextMatchButton - Current: 8/107
2025-06-26 10:20:32,246 - SCLogAnalysisTool - INFO - UI Event - navigate - NextMatchButton - Current: 9/107
2025-06-26 10:20:32,405 - SCLogAnalysisTool - INFO - UI Event - navigate - NextMatchButton - Current: 10/107
2025-06-26 10:20:32,826 - SCLogAnalysisTool - INFO - UI Event - navigate - NextMatchButton - Current: 11/107
2025-06-26 10:20:33,241 - SCLogAnalysisTool - INFO - UI Event - navigate - NextMatchButton - Current: 12/107
2025-06-26 10:20:33,618 - SCLogAnalysisTool - INFO - UI Event - navigate - NextMatchButton - Current: 13/107
2025-06-26 10:20:33,987 - SCLogAnalysisTool - INFO - UI Event - navigate - NextMatchButton - Current: 14/107
2025-06-26 10:20:34,354 - SCLogAnalysisTool - INFO - UI Event - navigate - NextMatchButton - Current: 15/107
2025-06-26 10:20:34,856 - SCLogAnalysisTool - INFO - UI Event - navigate - NextMatchButton - Current: 16/107
2025-06-26 10:21:58,948 - SCLogAnalysisTool - INFO - UI Event - switch_tab - MainWindow - Tab: /Users/chenguodong/Downloads/2024-11-25_tty.usbserial-143410.log
2025-06-26 10:21:58,948 - SCLogAnalysisTool - INFO - UI Event - state_change - TabItem - Tab: 2024-11-25_tty.usbserial-143410.log, Selected: True
2025-06-26 10:21:58,949 - SCLogAnalysisTool - INFO - UI Event - show_page - MainWindow - EditorView
2025-06-26 10:21:58,950 - SCLogAnalysisTool - INFO - UI Event - switch_tab - MainWindow - Tab: /Users/chenguodong/Downloads/2024-11-25_tty.usbserial-143410.log
2025-06-26 10:22:03,688 - SCLogAnalysisTool - INFO - UI Event - set_expression - FilterInput - Expression: videoChnEnable
2025-06-26 10:22:03,689 - SCLogAnalysisTool - INFO - UI Event - text_change - FilterInput - Text: videoChnEnable
2025-06-26 10:22:03,689 - SCLogAnalysisTool - INFO - UI Event - apply_filter - FilterInput - Text: videoChnEnable, Options: case=False, word=False, regex=False
2025-06-26 10:22:03,735 - SCLogAnalysisTool - INFO - UI Event - match_count_change - FilterInput - Total matches: 107
2025-06-26 10:22:04,979 - SCLogAnalysisTool - INFO - UI Event - navigate - NextMatchButton - Current: 2/107
2025-06-26 10:22:07,665 - SCLogAnalysisTool - INFO - UI Event - navigate - NextMatchButton - Current: 3/107
2025-06-26 10:22:42,025 - SCLogAnalysisTool - INFO - UI Event - navigate - NextMatchButton - Current: 4/107
2025-06-26 10:22:42,529 - SCLogAnalysisTool - INFO - UI Event - navigate - NextMatchButton - Current: 5/107
2025-06-26 10:22:42,965 - SCLogAnalysisTool - INFO - UI Event - navigate - NextMatchButton - Current: 6/107
2025-06-26 10:22:43,136 - SCLogAnalysisTool - INFO - UI Event - navigate - NextMatchButton - Current: 7/107
2025-06-26 10:22:43,300 - SCLogAnalysisTool - INFO - UI Event - navigate - NextMatchButton - Current: 8/107
2025-06-26 10:22:43,488 - SCLogAnalysisTool - INFO - UI Event - navigate - NextMatchButton - Current: 9/107
2025-06-26 10:22:43,656 - SCLogAnalysisTool - INFO - UI Event - navigate - NextMatchButton - Current: 10/107
2025-06-26 10:22:43,812 - SCLogAnalysisTool - INFO - UI Event - navigate - NextMatchButton - Current: 11/107
2025-06-26 10:22:44,230 - SCLogAnalysisTool - INFO - UI Event - navigate - NextMatchButton - Current: 12/107
2025-06-26 10:22:44,646 - SCLogAnalysisTool - INFO - UI Event - navigate - NextMatchButton - Current: 13/107
2025-06-26 10:22:45,066 - SCLogAnalysisTool - INFO - UI Event - navigate - NextMatchButton - Current: 14/107
2025-06-26 10:22:45,556 - SCLogAnalysisTool - INFO - UI Event - navigate - NextMatchButton - Current: 15/107
2025-06-26 10:22:46,637 - SCLogAnalysisTool - INFO - UI Event - navigate - NextMatchButton - Current: 16/107
2025-06-26 10:22:48,436 - SCLogAnalysisTool - INFO - UI Event - navigate - NextMatchButton - Current: 17/107
2025-06-26 10:22:49,072 - SCLogAnalysisTool - INFO - UI Event - navigate - NextMatchButton - Current: 18/107
2025-06-26 10:22:49,661 - SCLogAnalysisTool - INFO - UI Event - navigate - NextMatchButton - Current: 19/107
2025-06-26 10:24:01,457 - SCLogAnalysisTool - INFO - UI Event - switch_tab - MainWindow - Tab: /Users/chenguodong/Downloads/2024-11-25_tty.usbserial-143410.log
2025-06-26 10:24:01,457 - SCLogAnalysisTool - INFO - UI Event - state_change - TabItem - Tab: 2024-11-25_tty.usbserial-143410.log, Selected: True
2025-06-26 10:24:01,461 - SCLogAnalysisTool - INFO - UI Event - show_page - MainWindow - EditorView
2025-06-26 10:24:01,462 - SCLogAnalysisTool - INFO - UI Event - switch_tab - MainWindow - Tab: /Users/chenguodong/Downloads/2024-11-25_tty.usbserial-143410.log
2025-06-26 10:24:04,629 - SCLogAnalysisTool - INFO - UI Event - set_expression - FilterInput - Expression: videoChnEnable
2025-06-26 10:24:04,630 - SCLogAnalysisTool - INFO - UI Event - text_change - FilterInput - Text: videoChnEnable
2025-06-26 10:24:04,630 - SCLogAnalysisTool - INFO - UI Event - apply_filter - FilterInput - Text: videoChnEnable, Options: case=False, word=False, regex=False
2025-06-26 10:24:04,676 - SCLogAnalysisTool - INFO - UI Event - match_count_change - FilterInput - Total matches: 107
2025-06-26 10:24:07,597 - SCLogAnalysisTool - INFO - UI Event - navigate - NextMatchButton - Current: 2/107
2025-06-26 10:24:11,832 - SCLogAnalysisTool - INFO - UI Event - navigate - NextMatchButton - Current: 3/107
2025-06-26 10:24:13,222 - SCLogAnalysisTool - INFO - UI Event - navigate - NextMatchButton - Current: 4/107
2025-06-26 10:26:23,375 - SCLogAnalysisTool - INFO - UI Event - switch_tab - MainWindow - Tab: /Users/chenguodong/Downloads/2024-11-25_tty.usbserial-143410.log
2025-06-26 10:26:23,375 - SCLogAnalysisTool - INFO - UI Event - state_change - TabItem - Tab: 2024-11-25_tty.usbserial-143410.log, Selected: True
2025-06-26 10:26:23,377 - SCLogAnalysisTool - INFO - UI Event - show_page - MainWindow - EditorView
2025-06-26 10:26:23,379 - SCLogAnalysisTool - INFO - UI Event - switch_tab - MainWindow - Tab: /Users/chenguodong/Downloads/2024-11-25_tty.usbserial-143410.log
2025-06-26 10:26:25,471 - SCLogAnalysisTool - INFO - UI Event - set_expression - FilterInput - Expression: videoChnEnable
2025-06-26 10:26:25,472 - SCLogAnalysisTool - INFO - UI Event - text_change - FilterInput - Text: videoChnEnable
2025-06-26 10:26:25,473 - SCLogAnalysisTool - INFO - UI Event - apply_filter - FilterInput - Text: videoChnEnable, Options: case=False, word=False, regex=False
2025-06-26 10:26:25,518 - SCLogAnalysisTool - INFO - UI Event - match_count_change - FilterInput - Total matches: 107
2025-06-26 10:26:26,855 - SCLogAnalysisTool - INFO - UI Event - navigate - NextMatchButton - Current: 2/107
2025-06-26 10:26:27,506 - SCLogAnalysisTool - INFO - UI Event - navigate - NextMatchButton - Current: 3/107
2025-06-26 10:26:50,204 - SCLogAnalysisTool - INFO - UI Event - navigate - NextMatchButton - Current: 4/107
2025-06-26 10:26:52,198 - SCLogAnalysisTool - INFO - UI Event - navigate - NextMatchButton - Current: 5/107
2025-06-26 10:26:53,235 - SCLogAnalysisTool - INFO - UI Event - navigate - NextMatchButton - Current: 6/107
2025-06-26 10:26:53,731 - SCLogAnalysisTool - INFO - UI Event - navigate - NextMatchButton - Current: 7/107
2025-06-26 10:26:55,322 - SCLogAnalysisTool - INFO - UI Event - navigate - NextMatchButton - Current: 8/107
2025-06-26 10:26:55,778 - SCLogAnalysisTool - INFO - UI Event - navigate - NextMatchButton - Current: 9/107
2025-06-26 10:27:10,548 - SCLogAnalysisTool - INFO - UI Event - navigate - PrevMatchButton - Current: 8/107
2025-06-26 10:27:12,782 - SCLogAnalysisTool - INFO - UI Event - navigate - PrevMatchButton - Current: 7/107
2025-06-26 10:27:14,052 - SCLogAnalysisTool - INFO - UI Event - navigate - PrevMatchButton - Current: 6/107
2025-06-26 10:27:14,768 - SCLogAnalysisTool - INFO - UI Event - navigate - PrevMatchButton - Current: 5/107
2025-06-26 10:27:16,231 - SCLogAnalysisTool - INFO - UI Event - navigate - NextMatchButton - Current: 6/107
2025-06-26 10:27:32,515 - SCLogAnalysisTool - INFO - UI Event - navigate - NextMatchButton - Current: 7/107
2025-06-26 10:27:51,729 - SCLogAnalysisTool - INFO - UI Event - navigate - PrevMatchButton - Current: 6/107
2025-06-26 10:27:53,980 - SCLogAnalysisTool - INFO - UI Event - navigate - PrevMatchButton - Current: 5/107
2025-06-26 10:27:57,030 - SCLogAnalysisTool - INFO - UI Event - navigate - NextMatchButton - Current: 6/107
2025-06-26 10:28:19,721 - SCLogAnalysisTool - INFO - UI Event - navigate - PrevMatchButton - Current: 5/107
2025-06-26 10:28:22,231 - SCLogAnalysisTool - INFO - UI Event - navigate - NextMatchButton - Current: 6/107
2025-06-26 10:29:35,645 - SCLogAnalysisTool - INFO - UI Event - switch_tab - MainWindow - Tab: /Users/chenguodong/Downloads/2024-11-25_tty.usbserial-143410.log
2025-06-26 10:29:35,645 - SCLogAnalysisTool - INFO - UI Event - state_change - TabItem - Tab: 2024-11-25_tty.usbserial-143410.log, Selected: True
2025-06-26 10:29:35,650 - SCLogAnalysisTool - INFO - UI Event - show_page - MainWindow - EditorView
2025-06-26 10:29:35,654 - SCLogAnalysisTool - INFO - UI Event - switch_tab - MainWindow - Tab: /Users/chenguodong/Downloads/2024-11-25_tty.usbserial-143410.log
2025-06-26 10:29:37,840 - SCLogAnalysisTool - INFO - UI Event - set_expression - FilterInput - Expression: videoChnEnable
2025-06-26 10:29:37,840 - SCLogAnalysisTool - INFO - UI Event - text_change - FilterInput - Text: videoChnEnable
2025-06-26 10:29:37,840 - SCLogAnalysisTool - INFO - UI Event - apply_filter - FilterInput - Text: videoChnEnable, Options: case=False, word=False, regex=False
2025-06-26 10:29:52,904 - SCLogAnalysisTool - INFO - UI Event - switch_tab - MainWindow - Tab: /Users/chenguodong/Downloads/2024-11-25_tty.usbserial-143410.log
2025-06-26 10:29:52,905 - SCLogAnalysisTool - INFO - UI Event - state_change - TabItem - Tab: 2024-11-25_tty.usbserial-143410.log, Selected: True
2025-06-26 10:29:52,906 - SCLogAnalysisTool - INFO - UI Event - show_page - MainWindow - EditorView
2025-06-26 10:29:52,908 - SCLogAnalysisTool - INFO - UI Event - switch_tab - MainWindow - Tab: /Users/chenguodong/Downloads/2024-11-25_tty.usbserial-143410.log
2025-06-26 10:29:54,783 - SCLogAnalysisTool - INFO - UI Event - set_expression - FilterInput - Expression: videoChnEnable
2025-06-26 10:29:54,783 - SCLogAnalysisTool - INFO - UI Event - text_change - FilterInput - Text: videoChnEnable
2025-06-26 10:29:54,783 - SCLogAnalysisTool - INFO - UI Event - apply_filter - FilterInput - Text: videoChnEnable, Options: case=False, word=False, regex=False
2025-06-26 10:29:54,826 - SCLogAnalysisTool - INFO - UI Event - match_count_change - FilterInput - Total matches: 107
2025-06-26 10:29:55,873 - SCLogAnalysisTool - INFO - UI Event - navigate - NextMatchButton - Current: 2/107
2025-06-26 10:29:56,249 - SCLogAnalysisTool - INFO - UI Event - navigate - NextMatchButton - Current: 3/107
2025-06-26 10:30:13,161 - SCLogAnalysisTool - INFO - UI Event - navigate - NextMatchButton - Current: 4/107
2025-06-26 10:30:15,806 - SCLogAnalysisTool - INFO - UI Event - navigate - NextMatchButton - Current: 5/107
2025-06-26 10:30:16,730 - SCLogAnalysisTool - INFO - UI Event - navigate - NextMatchButton - Current: 6/107
2025-06-26 10:30:17,509 - SCLogAnalysisTool - INFO - UI Event - navigate - NextMatchButton - Current: 7/107
2025-06-26 10:30:18,249 - SCLogAnalysisTool - INFO - UI Event - navigate - NextMatchButton - Current: 8/107
2025-06-26 10:30:19,030 - SCLogAnalysisTool - INFO - UI Event - navigate - NextMatchButton - Current: 9/107
2025-06-26 10:32:30,436 - SCLogAnalysisTool - INFO - UI Event - switch_tab - MainWindow - Tab: /Users/chenguodong/Downloads/2024-11-25_tty.usbserial-143410.log
2025-06-26 10:32:30,436 - SCLogAnalysisTool - INFO - UI Event - state_change - TabItem - Tab: 2024-11-25_tty.usbserial-143410.log, Selected: True
2025-06-26 10:32:30,437 - SCLogAnalysisTool - INFO - UI Event - show_page - MainWindow - EditorView
2025-06-26 10:32:30,438 - SCLogAnalysisTool - INFO - UI Event - switch_tab - MainWindow - Tab: /Users/chenguodong/Downloads/2024-11-25_tty.usbserial-143410.log
2025-06-26 10:32:31,915 - SCLogAnalysisTool - INFO - UI Event - set_expression - FilterInput - Expression: videoChnEnable
2025-06-26 10:32:31,916 - SCLogAnalysisTool - INFO - UI Event - text_change - FilterInput - Text: videoChnEnable
2025-06-26 10:32:31,916 - SCLogAnalysisTool - INFO - UI Event - apply_filter - FilterInput - Text: videoChnEnable, Options: case=False, word=False, regex=False
2025-06-26 10:32:31,963 - SCLogAnalysisTool - INFO - UI Event - match_count_change - FilterInput - Total matches: 107
2025-06-26 10:32:33,479 - SCLogAnalysisTool - INFO - UI Event - navigate - NextMatchButton - Current: 2/107
2025-06-26 10:32:34,124 - SCLogAnalysisTool - INFO - UI Event - navigate - NextMatchButton - Current: 3/107
2025-06-26 10:32:40,395 - SCLogAnalysisTool - INFO - UI Event - navigate - NextMatchButton - Current: 4/107
2025-06-26 10:36:09,746 - SCLogAnalysisTool - INFO - UI Event - switch_tab - MainWindow - Tab: /Users/chenguodong/Downloads/2024-11-25_tty.usbserial-143410.log
2025-06-26 10:36:09,746 - SCLogAnalysisTool - INFO - UI Event - state_change - TabItem - Tab: 2024-11-25_tty.usbserial-143410.log, Selected: True
2025-06-26 10:36:09,747 - SCLogAnalysisTool - INFO - UI Event - show_page - MainWindow - EditorView
2025-06-26 10:36:09,749 - SCLogAnalysisTool - INFO - UI Event - switch_tab - MainWindow - Tab: /Users/chenguodong/Downloads/2024-11-25_tty.usbserial-143410.log
2025-06-26 10:36:11,591 - SCLogAnalysisTool - INFO - UI Event - set_expression - FilterInput - Expression: videoChnEnable
2025-06-26 10:36:11,591 - SCLogAnalysisTool - INFO - UI Event - text_change - FilterInput - Text: videoChnEnable
2025-06-26 10:36:11,591 - SCLogAnalysisTool - INFO - UI Event - apply_filter - FilterInput - Text: videoChnEnable, Options: case=False, word=False, regex=False
2025-06-26 10:36:24,150 - SCLogAnalysisTool - INFO - UI Event - switch_tab - MainWindow - Tab: /Users/chenguodong/Downloads/2024-11-25_tty.usbserial-143410.log
2025-06-26 10:36:24,150 - SCLogAnalysisTool - INFO - UI Event - state_change - TabItem - Tab: 2024-11-25_tty.usbserial-143410.log, Selected: True
2025-06-26 10:36:24,151 - SCLogAnalysisTool - INFO - UI Event - show_page - MainWindow - EditorView
2025-06-26 10:36:24,152 - SCLogAnalysisTool - INFO - UI Event - switch_tab - MainWindow - Tab: /Users/chenguodong/Downloads/2024-11-25_tty.usbserial-143410.log
2025-06-26 10:36:25,657 - SCLogAnalysisTool - INFO - UI Event - set_expression - FilterInput - Expression: videoChnEnable
2025-06-26 10:36:25,658 - SCLogAnalysisTool - INFO - UI Event - text_change - FilterInput - Text: videoChnEnable
2025-06-26 10:36:25,658 - SCLogAnalysisTool - INFO - UI Event - apply_filter - FilterInput - Text: videoChnEnable, Options: case=False, word=False, regex=False
2025-06-26 10:37:21,906 - SCLogAnalysisTool - INFO - UI Event - switch_tab - MainWindow - Tab: /Users/chenguodong/Downloads/2024-11-25_tty.usbserial-143410.log
2025-06-26 10:37:21,906 - SCLogAnalysisTool - INFO - UI Event - state_change - TabItem - Tab: 2024-11-25_tty.usbserial-143410.log, Selected: True
2025-06-26 10:37:21,908 - SCLogAnalysisTool - INFO - UI Event - show_page - MainWindow - EditorView
2025-06-26 10:37:21,910 - SCLogAnalysisTool - INFO - UI Event - switch_tab - MainWindow - Tab: /Users/chenguodong/Downloads/2024-11-25_tty.usbserial-143410.log
2025-06-26 10:37:23,677 - SCLogAnalysisTool - INFO - UI Event - set_expression - FilterInput - Expression: videoChnEnable
2025-06-26 10:37:23,677 - SCLogAnalysisTool - INFO - UI Event - text_change - FilterInput - Text: videoChnEnable
2025-06-26 10:37:23,677 - SCLogAnalysisTool - INFO - UI Event - apply_filter - FilterInput - Text: videoChnEnable, Options: case=False, word=False, regex=False
2025-06-26 10:37:23,738 - SCLogAnalysisTool - INFO - UI Event - match_count_change - FilterInput - Total matches: 107
2025-06-26 10:37:24,702 - SCLogAnalysisTool - INFO - UI Event - navigate - NextMatchButton - Current: 3/107
2025-06-26 10:39:54,499 - SCLogAnalysisTool - INFO - UI Event - switch_tab - MainWindow - Tab: /Users/chenguodong/Downloads/2024-11-25_tty.usbserial-143410.log
2025-06-26 10:39:54,499 - SCLogAnalysisTool - INFO - UI Event - state_change - TabItem - Tab: 2024-11-25_tty.usbserial-143410.log, Selected: True
2025-06-26 10:39:54,501 - SCLogAnalysisTool - INFO - UI Event - show_page - MainWindow - EditorView
2025-06-26 10:39:54,502 - SCLogAnalysisTool - INFO - UI Event - switch_tab - MainWindow - Tab: /Users/chenguodong/Downloads/2024-11-25_tty.usbserial-143410.log
2025-06-26 10:40:21,006 - SCLogAnalysisTool - INFO - UI Event - set_expression - FilterInput - Expression: videoChnEnable
2025-06-26 10:40:21,007 - SCLogAnalysisTool - INFO - UI Event - text_change - FilterInput - Text: videoChnEnable
2025-06-26 10:40:21,007 - SCLogAnalysisTool - INFO - UI Event - apply_filter - FilterInput - Text: videoChnEnable, Options: case=False, word=False, regex=False
2025-06-26 10:40:21,070 - SCLogAnalysisTool - INFO - UI Event - match_count_change - FilterInput - Total matches: 107
2025-06-26 10:40:22,966 - SCLogAnalysisTool - INFO - UI Event - navigate - NextMatchButton - Current: 2/107
2025-06-26 10:40:57,250 - SCLogAnalysisTool - INFO - UI Event - set_expression - FilterInput - Expression: videoChnEnable
2025-06-26 10:40:57,251 - SCLogAnalysisTool - INFO - UI Event - apply_filter - FilterInput - Text: videoChnEnable, Options: case=False, word=False, regex=False
2025-06-26 10:41:02,093 - SCLogAnalysisTool - INFO - UI Event - navigate - NextMatchButton - Current: 2/107
2025-06-26 10:41:03,869 - SCLogAnalysisTool - INFO - UI Event - navigate - NextMatchButton - Current: 3/107
2025-06-26 10:42:00,569 - SCLogAnalysisTool - INFO - UI Event - switch_tab - MainWindow - Tab: /Users/chenguodong/Downloads/2024-11-25_tty.usbserial-143410.log
2025-06-26 10:42:00,570 - SCLogAnalysisTool - INFO - UI Event - state_change - TabItem - Tab: 2024-11-25_tty.usbserial-143410.log, Selected: True
2025-06-26 10:42:00,571 - SCLogAnalysisTool - INFO - UI Event - show_page - MainWindow - EditorView
2025-06-26 10:42:00,572 - SCLogAnalysisTool - INFO - UI Event - switch_tab - MainWindow - Tab: /Users/chenguodong/Downloads/2024-11-25_tty.usbserial-143410.log
2025-06-26 10:42:03,415 - SCLogAnalysisTool - INFO - UI Event - set_expression - FilterInput - Expression: videoChnEnable
2025-06-26 10:42:03,415 - SCLogAnalysisTool - INFO - UI Event - text_change - FilterInput - Text: videoChnEnable
2025-06-26 10:42:03,415 - SCLogAnalysisTool - INFO - UI Event - apply_filter - FilterInput - Text: videoChnEnable, Options: case=False, word=False, regex=False
2025-06-26 10:42:03,466 - SCLogAnalysisTool - INFO - UI Event - match_count_change - FilterInput - Total matches: 107
2025-06-26 10:42:04,831 - SCLogAnalysisTool - INFO - UI Event - navigate - NextMatchButton - Current: 2/107
2025-06-26 10:42:06,121 - SCLogAnalysisTool - INFO - UI Event - navigate - NextMatchButton - Current: 3/107
2025-06-26 10:44:18,592 - SCLogAnalysisTool - INFO - UI Event - switch_tab - MainWindow - Tab: /Users/chenguodong/Downloads/2024-11-25_tty.usbserial-143410.log
2025-06-26 10:44:18,592 - SCLogAnalysisTool - INFO - UI Event - state_change - TabItem - Tab: 2024-11-25_tty.usbserial-143410.log, Selected: True
2025-06-26 10:44:18,595 - SCLogAnalysisTool - INFO - UI Event - show_page - MainWindow - EditorView
2025-06-26 10:44:18,597 - SCLogAnalysisTool - INFO - UI Event - switch_tab - MainWindow - Tab: /Users/chenguodong/Downloads/2024-11-25_tty.usbserial-143410.log
2025-06-26 10:44:21,109 - SCLogAnalysisTool - INFO - UI Event - set_expression - FilterInput - Expression: videoChnEnable
2025-06-26 10:44:21,113 - SCLogAnalysisTool - INFO - UI Event - text_change - FilterInput - Text: videoChnEnable
2025-06-26 10:44:21,113 - SCLogAnalysisTool - INFO - UI Event - apply_filter - FilterInput - Text: videoChnEnable, Options: case=False, word=False, regex=False
2025-06-26 10:44:21,161 - SCLogAnalysisTool - INFO - UI Event - match_count_change - FilterInput - Total matches: 107
2025-06-26 10:45:37,018 - SCLogAnalysisTool - INFO - UI Event - navigate - NextMatchButton - Current: 2/107
2025-06-26 10:45:37,816 - SCLogAnalysisTool - INFO - UI Event - navigate - NextMatchButton - Current: 3/107
2025-06-26 10:45:39,497 - SCLogAnalysisTool - INFO - UI Event - navigate - NextMatchButton - Current: 4/107
2025-06-26 10:45:39,968 - SCLogAnalysisTool - INFO - UI Event - navigate - NextMatchButton - Current: 5/107
2025-06-26 10:45:40,589 - SCLogAnalysisTool - INFO - UI Event - navigate - NextMatchButton - Current: 6/107
2025-06-26 10:46:56,388 - SCLogAnalysisTool - INFO - UI Event - switch_tab - MainWindow - Tab: /Users/chenguodong/Downloads/2024-11-25_tty.usbserial-143410.log
2025-06-26 10:46:56,389 - SCLogAnalysisTool - INFO - UI Event - state_change - TabItem - Tab: 2024-11-25_tty.usbserial-143410.log, Selected: True
2025-06-26 10:46:56,390 - SCLogAnalysisTool - INFO - UI Event - show_page - MainWindow - EditorView
2025-06-26 10:46:56,392 - SCLogAnalysisTool - INFO - UI Event - switch_tab - MainWindow - Tab: /Users/chenguodong/Downloads/2024-11-25_tty.usbserial-143410.log
2025-06-26 10:46:58,550 - SCLogAnalysisTool - INFO - UI Event - set_expression - FilterInput - Expression: videoChnEnable
2025-06-26 10:46:58,551 - SCLogAnalysisTool - INFO - UI Event - text_change - FilterInput - Text: videoChnEnable
2025-06-26 10:46:58,551 - SCLogAnalysisTool - INFO - UI Event - apply_filter - FilterInput - Text: videoChnEnable, Options: case=False, word=False, regex=False
2025-06-26 10:46:58,592 - SCLogAnalysisTool - INFO - UI Event - match_count_change - FilterInput - Total matches: 107
2025-06-26 10:47:01,437 - SCLogAnalysisTool - INFO - UI Event - navigate - NextMatchButton - Current: 2/107
2025-06-26 10:47:09,149 - SCLogAnalysisTool - INFO - UI Event - navigate - NextMatchButton - Current: 3/107
2025-06-26 10:51:18,187 - SCLogAnalysisTool - INFO - UI Event - switch_tab - MainWindow - Tab: /Users/chenguodong/Downloads/2024-11-25_tty.usbserial-143410.log
2025-06-26 10:51:18,187 - SCLogAnalysisTool - INFO - UI Event - state_change - TabItem - Tab: 2024-11-25_tty.usbserial-143410.log, Selected: True
2025-06-26 10:51:18,188 - SCLogAnalysisTool - INFO - UI Event - show_page - MainWindow - EditorView
2025-06-26 10:51:18,189 - SCLogAnalysisTool - INFO - UI Event - switch_tab - MainWindow - Tab: /Users/chenguodong/Downloads/2024-11-25_tty.usbserial-143410.log
2025-06-26 10:51:21,287 - SCLogAnalysisTool - INFO - UI Event - set_expression - FilterInput - Expression: videoChnEnable
2025-06-26 10:51:21,288 - SCLogAnalysisTool - INFO - UI Event - text_change - FilterInput - Text: videoChnEnable
2025-06-26 10:51:21,288 - SCLogAnalysisTool - INFO - UI Event - apply_filter - FilterInput - Text: videoChnEnable, Options: case=False, word=False, regex=False
2025-06-26 10:52:04,232 - SCLogAnalysisTool - INFO - UI Event - switch_tab - MainWindow - Tab: /Users/chenguodong/Downloads/2024-11-25_tty.usbserial-143410.log
2025-06-26 10:52:04,232 - SCLogAnalysisTool - INFO - UI Event - state_change - TabItem - Tab: 2024-11-25_tty.usbserial-143410.log, Selected: True
2025-06-26 10:52:04,233 - SCLogAnalysisTool - INFO - UI Event - show_page - MainWindow - EditorView
2025-06-26 10:52:04,234 - SCLogAnalysisTool - INFO - UI Event - switch_tab - MainWindow - Tab: /Users/chenguodong/Downloads/2024-11-25_tty.usbserial-143410.log
2025-06-26 10:52:06,224 - SCLogAnalysisTool - INFO - UI Event - set_expression - FilterInput - Expression: videoChnEnable
2025-06-26 10:52:06,227 - SCLogAnalysisTool - INFO - UI Event - text_change - FilterInput - Text: videoChnEnable
2025-06-26 10:52:06,227 - SCLogAnalysisTool - INFO - UI Event - apply_filter - FilterInput - Text: videoChnEnable, Options: case=False, word=False, regex=False
2025-06-26 10:52:06,264 - SCLogAnalysisTool - INFO - UI Event - match_count_change - FilterInput - Total matches: 107
2025-06-26 10:52:07,569 - SCLogAnalysisTool - INFO - UI Event - navigate - NextMatchButton - Current: 2/107
2025-06-26 10:52:07,939 - SCLogAnalysisTool - INFO - UI Event - navigate - NextMatchButton - Current: 3/107
2025-06-26 10:52:43,133 - SCLogAnalysisTool - INFO - UI Event - navigate - PrevMatchButton - Current: 2/107
2025-06-26 10:54:59,091 - SCLogAnalysisTool - INFO - UI Event - switch_tab - MainWindow - Tab: /Users/chenguodong/Downloads/2024-11-25_tty.usbserial-143410.log
2025-06-26 10:54:59,091 - SCLogAnalysisTool - INFO - UI Event - state_change - TabItem - Tab: 2024-11-25_tty.usbserial-143410.log, Selected: True
2025-06-26 10:54:59,094 - SCLogAnalysisTool - INFO - UI Event - show_page - MainWindow - EditorView
2025-06-26 10:54:59,097 - SCLogAnalysisTool - INFO - UI Event - switch_tab - MainWindow - Tab: /Users/chenguodong/Downloads/2024-11-25_tty.usbserial-143410.log
2025-06-26 10:55:01,170 - SCLogAnalysisTool - INFO - UI Event - set_expression - FilterInput - Expression: videoChnEnable
2025-06-26 10:55:01,171 - SCLogAnalysisTool - INFO - UI Event - text_change - FilterInput - Text: videoChnEnable
2025-06-26 10:55:01,171 - SCLogAnalysisTool - INFO - UI Event - apply_filter - FilterInput - Text: videoChnEnable, Options: case=False, word=False, regex=False
2025-06-26 10:55:01,203 - SCLogAnalysisTool - INFO - UI Event - match_count_change - FilterInput - Total matches: 107
2025-06-26 10:55:02,450 - SCLogAnalysisTool - INFO - UI Event - navigate - NextMatchButton - Current: 2/107
2025-06-26 10:55:02,863 - SCLogAnalysisTool - INFO - UI Event - navigate - NextMatchButton - Current: 3/107
2025-06-26 10:55:27,346 - SCLogAnalysisTool - INFO - UI Event - switch_tab - MainWindow - Tab: /Users/chenguodong/Downloads/2024-11-25_tty.usbserial-143410.log
2025-06-26 10:55:27,346 - SCLogAnalysisTool - INFO - UI Event - state_change - TabItem - Tab: 2024-11-25_tty.usbserial-143410.log, Selected: True
2025-06-26 10:55:27,347 - SCLogAnalysisTool - INFO - UI Event - show_page - MainWindow - EditorView
2025-06-26 10:55:27,348 - SCLogAnalysisTool - INFO - UI Event - switch_tab - MainWindow - Tab: /Users/chenguodong/Downloads/2024-11-25_tty.usbserial-143410.log
2025-06-26 10:55:33,126 - SCLogAnalysisTool - INFO - UI Event - set_expression - FilterInput - Expression: videoChnEnable
2025-06-26 10:55:33,127 - SCLogAnalysisTool - INFO - UI Event - text_change - FilterInput - Text: videoChnEnable
2025-06-26 10:55:33,127 - SCLogAnalysisTool - INFO - UI Event - apply_filter - FilterInput - Text: videoChnEnable, Options: case=False, word=False, regex=False
2025-06-26 10:55:33,153 - SCLogAnalysisTool - INFO - UI Event - match_count_change - FilterInput - Total matches: 107
2025-06-26 10:55:36,184 - SCLogAnalysisTool - INFO - UI Event - navigate - NextMatchButton - Current: 2/107
2025-06-26 10:55:44,490 - SCLogAnalysisTool - INFO - UI Event - navigate - NextMatchButton - Current: 3/107
2025-06-26 10:56:10,863 - SCLogAnalysisTool - INFO - UI Event - switch_tab - MainWindow - Tab: /Users/chenguodong/Downloads/2024-11-25_tty.usbserial-143410.log
2025-06-26 10:56:10,863 - SCLogAnalysisTool - INFO - UI Event - state_change - TabItem - Tab: 2024-11-25_tty.usbserial-143410.log, Selected: True
2025-06-26 10:56:10,864 - SCLogAnalysisTool - INFO - UI Event - show_page - MainWindow - EditorView
2025-06-26 10:56:10,865 - SCLogAnalysisTool - INFO - UI Event - switch_tab - MainWindow - Tab: /Users/chenguodong/Downloads/2024-11-25_tty.usbserial-143410.log
2025-06-26 10:56:12,935 - SCLogAnalysisTool - INFO - UI Event - set_expression - FilterInput - Expression: videoChnEnable
2025-06-26 10:56:12,936 - SCLogAnalysisTool - INFO - UI Event - text_change - FilterInput - Text: videoChnEnable
2025-06-26 10:56:12,936 - SCLogAnalysisTool - INFO - UI Event - apply_filter - FilterInput - Text: videoChnEnable, Options: case=False, word=False, regex=False
2025-06-26 10:56:12,967 - SCLogAnalysisTool - INFO - UI Event - match_count_change - FilterInput - Total matches: 107
2025-06-26 10:56:14,666 - SCLogAnalysisTool - INFO - UI Event - navigate - NextMatchButton - Current: 2/107
2025-06-26 10:56:19,803 - SCLogAnalysisTool - INFO - UI Event - navigate - NextMatchButton - Current: 3/107
2025-06-26 10:57:40,570 - SCLogAnalysisTool - INFO - UI Event - switch_tab - MainWindow - Tab: /Users/chenguodong/Downloads/2024-11-25_tty.usbserial-143410.log
2025-06-26 10:57:40,570 - SCLogAnalysisTool - INFO - UI Event - state_change - TabItem - Tab: 2024-11-25_tty.usbserial-143410.log, Selected: True
2025-06-26 10:57:40,571 - SCLogAnalysisTool - INFO - UI Event - show_page - MainWindow - EditorView
2025-06-26 10:57:40,572 - SCLogAnalysisTool - INFO - UI Event - switch_tab - MainWindow - Tab: /Users/chenguodong/Downloads/2024-11-25_tty.usbserial-143410.log
2025-06-26 10:57:43,203 - SCLogAnalysisTool - INFO - UI Event - set_expression - FilterInput - Expression: videoChnEnable
2025-06-26 10:57:43,203 - SCLogAnalysisTool - INFO - UI Event - text_change - FilterInput - Text: videoChnEnable
2025-06-26 10:57:43,203 - SCLogAnalysisTool - INFO - UI Event - apply_filter - FilterInput - Text: videoChnEnable, Options: case=False, word=False, regex=False
2025-06-26 10:57:43,231 - SCLogAnalysisTool - INFO - UI Event - match_count_change - FilterInput - Total matches: 107
2025-06-26 10:57:44,079 - SCLogAnalysisTool - INFO - UI Event - navigate - NextMatchButton - Current: 2/107
2025-06-26 10:57:56,128 - SCLogAnalysisTool - INFO - UI Event - navigate - NextMatchButton - Current: 3/107
2025-06-26 10:58:16,404 - SCLogAnalysisTool - INFO - UI Event - navigate - PrevMatchButton - Current: 2/107
2025-06-26 10:58:16,997 - SCLogAnalysisTool - INFO - UI Event - navigate - NextMatchButton - Current: 3/107
2025-06-26 10:59:47,062 - SCLogAnalysisTool - INFO - UI Event - switch_tab - MainWindow - Tab: /Users/chenguodong/Downloads/2024-11-25_tty.usbserial-143410.log
2025-06-26 10:59:47,062 - SCLogAnalysisTool - INFO - UI Event - state_change - TabItem - Tab: 2024-11-25_tty.usbserial-143410.log, Selected: True
2025-06-26 10:59:47,066 - SCLogAnalysisTool - INFO - UI Event - show_page - MainWindow - EditorView
2025-06-26 10:59:47,070 - SCLogAnalysisTool - INFO - UI Event - switch_tab - MainWindow - Tab: /Users/chenguodong/Downloads/2024-11-25_tty.usbserial-143410.log
2025-06-26 10:59:49,719 - SCLogAnalysisTool - INFO - UI Event - set_expression - FilterInput - Expression: videoChnEnable
2025-06-26 10:59:49,719 - SCLogAnalysisTool - INFO - UI Event - text_change - FilterInput - Text: videoChnEnable
2025-06-26 10:59:49,719 - SCLogAnalysisTool - INFO - UI Event - apply_filter - FilterInput - Text: videoChnEnable, Options: case=False, word=False, regex=False
2025-06-26 10:59:49,745 - SCLogAnalysisTool - INFO - UI Event - match_count_change - FilterInput - Total matches: 107
2025-06-26 10:59:57,288 - SCLogAnalysisTool - INFO - UI Event - navigate - NextMatchButton - Current: 2/107
2025-06-26 10:59:58,409 - SCLogAnalysisTool - INFO - UI Event - navigate - NextMatchButton - Current: 3/107
2025-06-26 10:59:59,784 - SCLogAnalysisTool - INFO - UI Event - navigate - NextMatchButton - Current: 4/107
2025-06-26 11:00:00,381 - SCLogAnalysisTool - INFO - UI Event - navigate - NextMatchButton - Current: 5/107
2025-06-26 11:00:00,776 - SCLogAnalysisTool - INFO - UI Event - navigate - NextMatchButton - Current: 6/107
2025-06-26 11:00:05,232 - SCLogAnalysisTool - INFO - UI Event - navigate - PrevMatchButton - Current: 5/107
2025-06-26 11:00:05,638 - SCLogAnalysisTool - INFO - UI Event - navigate - PrevMatchButton - Current: 4/107
2025-06-26 11:00:06,153 - SCLogAnalysisTool - INFO - UI Event - navigate - PrevMatchButton - Current: 3/107
2025-06-26 11:02:04,350 - SCLogAnalysisTool - INFO - UI Event - switch_tab - MainWindow - Tab: /Users/chenguodong/Downloads/2024-11-25_tty.usbserial-143410.log
2025-06-26 11:02:04,350 - SCLogAnalysisTool - INFO - UI Event - state_change - TabItem - Tab: 2024-11-25_tty.usbserial-143410.log, Selected: True
2025-06-26 11:02:04,352 - SCLogAnalysisTool - INFO - UI Event - show_page - MainWindow - EditorView
2025-06-26 11:02:04,353 - SCLogAnalysisTool - INFO - UI Event - switch_tab - MainWindow - Tab: /Users/chenguodong/Downloads/2024-11-25_tty.usbserial-143410.log
2025-06-26 11:02:06,233 - SCLogAnalysisTool - INFO - UI Event - set_expression - FilterInput - Expression: videoChnEnable
2025-06-26 11:02:06,233 - SCLogAnalysisTool - INFO - UI Event - text_change - FilterInput - Text: videoChnEnable
2025-06-26 11:02:06,233 - SCLogAnalysisTool - INFO - UI Event - apply_filter - FilterInput - Text: videoChnEnable, Options: case=False, word=False, regex=False
2025-06-26 11:02:06,273 - SCLogAnalysisTool - INFO - UI Event - match_count_change - FilterInput - Total matches: 107
2025-06-26 11:02:07,569 - SCLogAnalysisTool - INFO - UI Event - navigate - NextMatchButton - Current: 2/107
2025-06-26 11:02:08,205 - SCLogAnalysisTool - INFO - UI Event - navigate - NextMatchButton - Current: 3/107
2025-06-26 11:02:20,959 - SCLogAnalysisTool - INFO - UI Event - switch_tab - MainWindow - Tab: /Users/chenguodong/Downloads/2024-11-25_tty.usbserial-143410.log
2025-06-26 11:02:20,959 - SCLogAnalysisTool - INFO - UI Event - state_change - TabItem - Tab: 2024-11-25_tty.usbserial-143410.log, Selected: True
2025-06-26 11:02:20,961 - SCLogAnalysisTool - INFO - UI Event - show_page - MainWindow - EditorView
2025-06-26 11:02:20,961 - SCLogAnalysisTool - INFO - UI Event - switch_tab - MainWindow - Tab: /Users/chenguodong/Downloads/2024-11-25_tty.usbserial-143410.log
2025-06-26 11:02:22,883 - SCLogAnalysisTool - INFO - UI Event - set_expression - FilterInput - Expression: videoChnEnable
2025-06-26 11:02:22,883 - SCLogAnalysisTool - INFO - UI Event - text_change - FilterInput - Text: videoChnEnable
2025-06-26 11:02:22,883 - SCLogAnalysisTool - INFO - UI Event - apply_filter - FilterInput - Text: videoChnEnable, Options: case=False, word=False, regex=False
2025-06-26 11:02:22,926 - SCLogAnalysisTool - INFO - UI Event - match_count_change - FilterInput - Total matches: 107
2025-06-26 11:02:23,957 - SCLogAnalysisTool - INFO - UI Event - navigate - NextMatchButton - Current: 2/107
2025-06-26 11:02:24,141 - SCLogAnalysisTool - INFO - UI Event - navigate - NextMatchButton - Current: 3/107
2025-06-26 11:03:20,182 - SCLogAnalysisTool - INFO - UI Event - switch_tab - MainWindow - Tab: /Users/chenguodong/Downloads/2024-11-25_tty.usbserial-143410.log
2025-06-26 11:03:20,183 - SCLogAnalysisTool - INFO - UI Event - state_change - TabItem - Tab: 2024-11-25_tty.usbserial-143410.log, Selected: True
2025-06-26 11:03:20,184 - SCLogAnalysisTool - INFO - UI Event - show_page - MainWindow - EditorView
2025-06-26 11:03:20,187 - SCLogAnalysisTool - INFO - UI Event - switch_tab - MainWindow - Tab: /Users/chenguodong/Downloads/2024-11-25_tty.usbserial-143410.log
2025-06-26 11:03:22,028 - SCLogAnalysisTool - INFO - UI Event - set_expression - FilterInput - Expression: videoChnEnable
2025-06-26 11:03:22,028 - SCLogAnalysisTool - INFO - UI Event - text_change - FilterInput - Text: videoChnEnable
2025-06-26 11:03:22,028 - SCLogAnalysisTool - INFO - UI Event - apply_filter - FilterInput - Text: videoChnEnable, Options: case=False, word=False, regex=False
2025-06-26 11:03:22,070 - SCLogAnalysisTool - INFO - UI Event - match_count_change - FilterInput - Total matches: 107
2025-06-26 11:03:23,069 - SCLogAnalysisTool - INFO - UI Event - navigate - NextMatchButton - Current: 2/107
2025-06-26 11:03:23,401 - SCLogAnalysisTool - INFO - UI Event - navigate - NextMatchButton - Current: 3/107
2025-06-26 11:03:33,413 - SCLogAnalysisTool - INFO - UI Event - navigate - NextMatchButton - Current: 4/107
2025-06-26 11:03:33,970 - SCLogAnalysisTool - INFO - UI Event - navigate - NextMatchButton - Current: 5/107
2025-06-26 11:03:34,753 - SCLogAnalysisTool - INFO - UI Event - navigate - NextMatchButton - Current: 6/107
2025-06-26 11:03:43,724 - SCLogAnalysisTool - INFO - UI Event - navigate - PrevMatchButton - Current: 5/107
2025-06-26 11:03:44,075 - SCLogAnalysisTool - INFO - UI Event - navigate - PrevMatchButton - Current: 4/107
2025-06-26 11:03:44,507 - SCLogAnalysisTool - INFO - UI Event - navigate - PrevMatchButton - Current: 3/107
2025-06-26 11:03:45,298 - SCLogAnalysisTool - INFO - UI Event - navigate - PrevMatchButton - Current: 2/107
2025-06-26 11:04:39,499 - SCLogAnalysisTool - INFO - UI Event - switch_tab - MainWindow - Tab: /Users/chenguodong/Downloads/2024-11-25_tty.usbserial-143410.log
2025-06-26 11:04:39,499 - SCLogAnalysisTool - INFO - UI Event - state_change - TabItem - Tab: 2024-11-25_tty.usbserial-143410.log, Selected: True
2025-06-26 11:04:39,501 - SCLogAnalysisTool - INFO - UI Event - show_page - MainWindow - EditorView
2025-06-26 11:04:39,502 - SCLogAnalysisTool - INFO - UI Event - switch_tab - MainWindow - Tab: /Users/chenguodong/Downloads/2024-11-25_tty.usbserial-143410.log
2025-06-26 11:04:41,689 - SCLogAnalysisTool - INFO - UI Event - set_expression - FilterInput - Expression: videoChnEnable
2025-06-26 11:04:41,689 - SCLogAnalysisTool - INFO - UI Event - text_change - FilterInput - Text: videoChnEnable
2025-06-26 11:04:41,689 - SCLogAnalysisTool - INFO - UI Event - apply_filter - FilterInput - Text: videoChnEnable, Options: case=False, word=False, regex=False
2025-06-26 11:04:41,718 - SCLogAnalysisTool - INFO - UI Event - match_count_change - FilterInput - Total matches: 107
2025-06-26 11:04:43,079 - SCLogAnalysisTool - INFO - UI Event - navigate - NextMatchButton - Current: 2/107
2025-06-26 11:04:43,421 - SCLogAnalysisTool - INFO - UI Event - navigate - NextMatchButton - Current: 3/107
2025-06-26 11:04:44,349 - SCLogAnalysisTool - INFO - UI Event - navigate - NextMatchButton - Current: 4/107
2025-06-26 11:04:44,778 - SCLogAnalysisTool - INFO - UI Event - navigate - NextMatchButton - Current: 5/107
2025-06-26 11:04:45,070 - SCLogAnalysisTool - INFO - UI Event - navigate - NextMatchButton - Current: 6/107
2025-06-26 11:04:45,435 - SCLogAnalysisTool - INFO - UI Event - navigate - NextMatchButton - Current: 7/107
2025-06-26 11:04:45,885 - SCLogAnalysisTool - INFO - UI Event - navigate - NextMatchButton - Current: 8/107
2025-06-26 11:04:46,335 - SCLogAnalysisTool - INFO - UI Event - navigate - NextMatchButton - Current: 9/107
2025-06-26 11:04:46,942 - SCLogAnalysisTool - INFO - UI Event - navigate - NextMatchButton - Current: 10/107
2025-06-26 11:04:47,334 - SCLogAnalysisTool - INFO - UI Event - navigate - NextMatchButton - Current: 11/107
2025-06-26 11:04:47,710 - SCLogAnalysisTool - INFO - UI Event - navigate - NextMatchButton - Current: 12/107
2025-06-26 11:04:48,429 - SCLogAnalysisTool - INFO - UI Event - navigate - NextMatchButton - Current: 13/107
2025-06-26 11:04:48,935 - SCLogAnalysisTool - INFO - UI Event - navigate - NextMatchButton - Current: 14/107
2025-06-26 11:04:49,993 - SCLogAnalysisTool - INFO - UI Event - navigate - NextMatchButton - Current: 15/107
2025-06-26 11:07:56,495 - SCLogAnalysisTool - INFO - UI Event - switch_tab - MainWindow - Tab: /Users/chenguodong/Downloads/2024-11-25_tty.usbserial-143410.log
2025-06-26 11:07:56,496 - SCLogAnalysisTool - INFO - UI Event - state_change - TabItem - Tab: 2024-11-25_tty.usbserial-143410.log, Selected: True
2025-06-26 11:07:56,498 - SCLogAnalysisTool - INFO - UI Event - show_page - MainWindow - EditorView
2025-06-26 11:07:56,500 - SCLogAnalysisTool - INFO - UI Event - switch_tab - MainWindow - Tab: /Users/chenguodong/Downloads/2024-11-25_tty.usbserial-143410.log
2025-06-26 11:07:58,710 - SCLogAnalysisTool - INFO - UI Event - set_expression - FilterInput - Expression: videoChnEnable
2025-06-26 11:07:58,710 - SCLogAnalysisTool - INFO - UI Event - text_change - FilterInput - Text: videoChnEnable
2025-06-26 11:07:58,710 - SCLogAnalysisTool - INFO - UI Event - apply_filter - FilterInput - Text: videoChnEnable, Options: case=False, word=False, regex=False
2025-06-26 11:07:58,737 - SCLogAnalysisTool - INFO - UI Event - match_count_change - FilterInput - Total matches: 107
2025-06-26 11:08:00,093 - SCLogAnalysisTool - INFO - UI Event - navigate - NextMatchButton - Current: 2/107
2025-06-26 11:08:00,466 - SCLogAnalysisTool - INFO - UI Event - navigate - NextMatchButton - Current: 3/107
2025-06-26 11:08:01,369 - SCLogAnalysisTool - INFO - UI Event - navigate - NextMatchButton - Current: 4/107
2025-06-26 11:08:01,882 - SCLogAnalysisTool - INFO - UI Event - navigate - NextMatchButton - Current: 5/107
2025-06-26 11:08:02,346 - SCLogAnalysisTool - INFO - UI Event - navigate - NextMatchButton - Current: 6/107
2025-06-26 11:08:02,837 - SCLogAnalysisTool - INFO - UI Event - navigate - NextMatchButton - Current: 7/107
2025-06-26 11:08:03,272 - SCLogAnalysisTool - INFO - UI Event - navigate - NextMatchButton - Current: 8/107
2025-06-26 11:08:03,658 - SCLogAnalysisTool - INFO - UI Event - navigate - NextMatchButton - Current: 9/107
2025-06-26 11:08:04,122 - SCLogAnalysisTool - INFO - UI Event - navigate - NextMatchButton - Current: 10/107
2025-06-26 11:08:04,578 - SCLogAnalysisTool - INFO - UI Event - navigate - NextMatchButton - Current: 11/107
2025-06-26 11:08:05,019 - SCLogAnalysisTool - INFO - UI Event - navigate - NextMatchButton - Current: 12/107
2025-06-26 11:08:05,419 - SCLogAnalysisTool - INFO - UI Event - navigate - NextMatchButton - Current: 13/107
2025-06-26 11:08:05,707 - SCLogAnalysisTool - INFO - UI Event - navigate - NextMatchButton - Current: 14/107
2025-06-26 11:08:05,951 - SCLogAnalysisTool - INFO - UI Event - navigate - NextMatchButton - Current: 15/107
2025-06-26 11:08:06,133 - SCLogAnalysisTool - INFO - UI Event - navigate - NextMatchButton - Current: 16/107
2025-06-26 11:08:06,299 - SCLogAnalysisTool - INFO - UI Event - navigate - NextMatchButton - Current: 17/107
2025-06-26 11:08:06,503 - SCLogAnalysisTool - INFO - UI Event - navigate - NextMatchButton - Current: 18/107
2025-06-26 11:08:06,911 - SCLogAnalysisTool - INFO - UI Event - navigate - NextMatchButton - Current: 19/107
2025-06-26 11:08:07,319 - SCLogAnalysisTool - INFO - UI Event - navigate - NextMatchButton - Current: 20/107
2025-06-26 11:08:07,718 - SCLogAnalysisTool - INFO - UI Event - navigate - NextMatchButton - Current: 21/107
2025-06-26 11:08:08,163 - SCLogAnalysisTool - INFO - UI Event - navigate - NextMatchButton - Current: 22/107
2025-06-26 11:08:08,538 - SCLogAnalysisTool - INFO - UI Event - navigate - NextMatchButton - Current: 23/107
2025-06-26 11:08:08,886 - SCLogAnalysisTool - INFO - UI Event - navigate - NextMatchButton - Current: 24/107
2025-06-26 11:08:09,419 - SCLogAnalysisTool - INFO - UI Event - navigate - NextMatchButton - Current: 25/107
2025-06-26 11:08:09,583 - SCLogAnalysisTool - INFO - UI Event - navigate - NextMatchButton - Current: 26/107
2025-06-26 11:08:09,770 - SCLogAnalysisTool - INFO - UI Event - navigate - NextMatchButton - Current: 27/107
2025-06-26 11:08:10,170 - SCLogAnalysisTool - INFO - UI Event - navigate - NextMatchButton - Current: 28/107
2025-06-26 11:08:10,358 - SCLogAnalysisTool - INFO - UI Event - navigate - NextMatchButton - Current: 29/107
2025-06-26 11:08:10,538 - SCLogAnalysisTool - INFO - UI Event - navigate - NextMatchButton - Current: 30/107
2025-06-26 11:14:39,478 - SCLogAnalysisTool - INFO - UI Event - switch_tab - MainWindow - Tab: /Users/chenguodong/Downloads/2024-11-25_tty.usbserial-143410.log
2025-06-26 11:14:39,479 - SCLogAnalysisTool - INFO - UI Event - state_change - TabItem - Tab: 2024-11-25_tty.usbserial-143410.log, Selected: True
2025-06-26 11:14:39,480 - SCLogAnalysisTool - INFO - UI Event - show_page - MainWindow - EditorView
2025-06-26 11:14:39,482 - SCLogAnalysisTool - INFO - UI Event - switch_tab - MainWindow - Tab: /Users/chenguodong/Downloads/2024-11-25_tty.usbserial-143410.log
2025-06-26 11:14:41,089 - SCLogAnalysisTool - INFO - UI Event - set_expression - FilterInput - Expression: videoChnEnable
2025-06-26 11:14:41,089 - SCLogAnalysisTool - INFO - UI Event - text_change - FilterInput - Text: videoChnEnable
2025-06-26 11:14:41,089 - SCLogAnalysisTool - INFO - UI Event - apply_filter - FilterInput - Text: videoChnEnable, Options: case=False, word=False, regex=False
2025-06-26 11:14:41,123 - SCLogAnalysisTool - INFO - UI Event - match_count_change - FilterInput - Total matches: 107
2025-06-26 11:15:55,043 - SCLogAnalysisTool - INFO - UI Event - switch_tab - MainWindow - Tab: /Users/chenguodong/Downloads/2024-11-25_tty.usbserial-143410.log
2025-06-26 11:15:55,044 - SCLogAnalysisTool - INFO - UI Event - state_change - TabItem - Tab: 2024-11-25_tty.usbserial-143410.log, Selected: True
2025-06-26 11:15:55,045 - SCLogAnalysisTool - INFO - UI Event - show_page - MainWindow - EditorView
2025-06-26 11:15:55,046 - SCLogAnalysisTool - INFO - UI Event - switch_tab - MainWindow - Tab: /Users/chenguodong/Downloads/2024-11-25_tty.usbserial-143410.log
2025-06-26 11:15:57,333 - SCLogAnalysisTool - INFO - UI Event - set_expression - FilterInput - Expression: videoChnEnable
2025-06-26 11:15:57,334 - SCLogAnalysisTool - INFO - UI Event - text_change - FilterInput - Text: videoChnEnable
2025-06-26 11:15:57,334 - SCLogAnalysisTool - INFO - UI Event - apply_filter - FilterInput - Text: videoChnEnable, Options: case=False, word=False, regex=False
2025-06-26 11:15:57,362 - SCLogAnalysisTool - INFO - UI Event - match_count_change - FilterInput - Total matches: 107
2025-06-26 11:17:06,816 - SCLogAnalysisTool - INFO - UI Event - switch_tab - MainWindow - Tab: /Users/chenguodong/Downloads/2024-11-25_tty.usbserial-143410.log
2025-06-26 11:17:06,816 - SCLogAnalysisTool - INFO - UI Event - state_change - TabItem - Tab: 2024-11-25_tty.usbserial-143410.log, Selected: True
2025-06-26 11:17:06,818 - SCLogAnalysisTool - INFO - UI Event - show_page - MainWindow - EditorView
2025-06-26 11:17:06,819 - SCLogAnalysisTool - INFO - UI Event - switch_tab - MainWindow - Tab: /Users/chenguodong/Downloads/2024-11-25_tty.usbserial-143410.log
2025-06-26 11:17:09,742 - SCLogAnalysisTool - INFO - UI Event - set_expression - FilterInput - Expression: videoChnEnable
2025-06-26 11:17:09,743 - SCLogAnalysisTool - INFO - UI Event - text_change - FilterInput - Text: videoChnEnable
2025-06-26 11:17:09,743 - SCLogAnalysisTool - INFO - UI Event - apply_filter - FilterInput - Text: videoChnEnable, Options: case=False, word=False, regex=False
2025-06-26 11:17:09,773 - SCLogAnalysisTool - INFO - UI Event - match_count_change - FilterInput - Total matches: 107
2025-06-26 11:17:22,055 - SCLogAnalysisTool - INFO - UI Event - navigate - NextMatchButton - Current: 2/107
2025-06-26 11:18:01,847 - SCLogAnalysisTool - INFO - UI Event - switch_tab - MainWindow - Tab: /Users/chenguodong/Downloads/2024-11-25_tty.usbserial-143410.log
2025-06-26 11:18:01,848 - SCLogAnalysisTool - INFO - UI Event - state_change - TabItem - Tab: 2024-11-25_tty.usbserial-143410.log, Selected: True
2025-06-26 11:18:01,850 - SCLogAnalysisTool - INFO - UI Event - show_page - MainWindow - EditorView
2025-06-26 11:18:01,852 - SCLogAnalysisTool - INFO - UI Event - switch_tab - MainWindow - Tab: /Users/chenguodong/Downloads/2024-11-25_tty.usbserial-143410.log
2025-06-26 11:18:05,538 - SCLogAnalysisTool - INFO - UI Event - set_expression - FilterInput - Expression: videoChnEnable
2025-06-26 11:18:05,538 - SCLogAnalysisTool - INFO - UI Event - text_change - FilterInput - Text: videoChnEnable
2025-06-26 11:18:05,539 - SCLogAnalysisTool - INFO - UI Event - apply_filter - FilterInput - Text: videoChnEnable, Options: case=False, word=False, regex=False
2025-06-26 11:18:05,571 - SCLogAnalysisTool - INFO - UI Event - match_count_change - FilterInput - Total matches: 107
2025-06-26 11:24:07,545 - SCLogAnalysisTool - INFO - UI Event - switch_tab - MainWindow - Tab: /Users/chenguodong/Downloads/2024-11-25_tty.usbserial-143410.log
2025-06-26 11:24:07,545 - SCLogAnalysisTool - INFO - UI Event - state_change - TabItem - Tab: 2024-11-25_tty.usbserial-143410.log, Selected: True
2025-06-26 11:24:07,546 - SCLogAnalysisTool - INFO - UI Event - show_page - MainWindow - EditorView
2025-06-26 11:24:07,547 - SCLogAnalysisTool - INFO - UI Event - switch_tab - MainWindow - Tab: /Users/chenguodong/Downloads/2024-11-25_tty.usbserial-143410.log
2025-06-26 11:24:10,485 - SCLogAnalysisTool - INFO - UI Event - set_expression - FilterInput - Expression: videoChnEnable
2025-06-26 11:24:10,486 - SCLogAnalysisTool - INFO - UI Event - text_change - FilterInput - Text: videoChnEnable
2025-06-26 11:24:10,486 - SCLogAnalysisTool - INFO - UI Event - apply_filter - FilterInput - Text: videoChnEnable, Options: case=False, word=False, regex=False
2025-06-26 11:24:10,515 - SCLogAnalysisTool - INFO - UI Event - match_count_change - FilterInput - Total matches: 107
2025-06-26 11:26:13,109 - SCLogAnalysisTool - INFO - UI Event - switch_tab - MainWindow - Tab: /Users/chenguodong/Downloads/2024-11-25_tty.usbserial-143410.log
2025-06-26 11:26:13,109 - SCLogAnalysisTool - INFO - UI Event - state_change - TabItem - Tab: 2024-11-25_tty.usbserial-143410.log, Selected: True
2025-06-26 11:26:13,111 - SCLogAnalysisTool - INFO - UI Event - show_page - MainWindow - EditorView
2025-06-26 11:26:13,112 - SCLogAnalysisTool - INFO - UI Event - switch_tab - MainWindow - Tab: /Users/chenguodong/Downloads/2024-11-25_tty.usbserial-143410.log
2025-06-26 11:26:15,534 - SCLogAnalysisTool - INFO - UI Event - set_expression - FilterInput - Expression: videoChnEnable
2025-06-26 11:26:15,535 - SCLogAnalysisTool - INFO - UI Event - text_change - FilterInput - Text: videoChnEnable
2025-06-26 11:26:15,535 - SCLogAnalysisTool - INFO - UI Event - apply_filter - FilterInput - Text: videoChnEnable, Options: case=False, word=False, regex=False
2025-06-26 11:26:15,564 - SCLogAnalysisTool - INFO - UI Event - match_count_change - FilterInput - Total matches: 107
2025-06-26 11:28:07,016 - SCLogAnalysisTool - INFO - UI Event - switch_tab - MainWindow - Tab: /Users/chenguodong/Downloads/2024-11-25_tty.usbserial-143410.log
2025-06-26 11:28:07,017 - SCLogAnalysisTool - INFO - UI Event - state_change - TabItem - Tab: 2024-11-25_tty.usbserial-143410.log, Selected: True
2025-06-26 11:28:07,019 - SCLogAnalysisTool - INFO - UI Event - show_page - MainWindow - EditorView
2025-06-26 11:28:07,022 - SCLogAnalysisTool - INFO - UI Event - switch_tab - MainWindow - Tab: /Users/chenguodong/Downloads/2024-11-25_tty.usbserial-143410.log
2025-06-26 11:28:09,031 - SCLogAnalysisTool - INFO - UI Event - set_expression - FilterInput - Expression: videoChnEnable
2025-06-26 11:28:09,031 - SCLogAnalysisTool - INFO - UI Event - text_change - FilterInput - Text: videoChnEnable
2025-06-26 11:28:09,031 - SCLogAnalysisTool - INFO - UI Event - apply_filter - FilterInput - Text: videoChnEnable, Options: case=False, word=False, regex=False
2025-06-26 11:28:09,063 - SCLogAnalysisTool - INFO - UI Event - match_count_change - FilterInput - Total matches: 107
2025-06-26 11:31:32,320 - SCLogAnalysisTool - INFO - UI Event - switch_tab - MainWindow - Tab: /Users/chenguodong/Downloads/2024-11-25_tty.usbserial-143410.log
2025-06-26 11:31:32,320 - SCLogAnalysisTool - INFO - UI Event - state_change - TabItem - Tab: 2024-11-25_tty.usbserial-143410.log, Selected: True
2025-06-26 11:31:32,322 - SCLogAnalysisTool - INFO - UI Event - show_page - MainWindow - EditorView
2025-06-26 11:31:32,323 - SCLogAnalysisTool - INFO - UI Event - switch_tab - MainWindow - Tab: /Users/chenguodong/Downloads/2024-11-25_tty.usbserial-143410.log
2025-06-26 11:31:34,426 - SCLogAnalysisTool - INFO - UI Event - set_expression - FilterInput - Expression: videoChnEnable
2025-06-26 11:31:34,427 - SCLogAnalysisTool - INFO - UI Event - text_change - FilterInput - Text: videoChnEnable
2025-06-26 11:31:34,427 - SCLogAnalysisTool - INFO - UI Event - apply_filter - FilterInput - Text: videoChnEnable, Options: case=False, word=False, regex=False
2025-06-26 11:31:34,457 - SCLogAnalysisTool - INFO - UI Event - match_count_change - FilterInput - Total matches: 107
2025-06-26 11:32:05,245 - SCLogAnalysisTool - INFO - UI Event - switch_tab - MainWindow - Tab: /Users/chenguodong/Downloads/2024-11-25_tty.usbserial-143410.log
2025-06-26 11:32:05,245 - SCLogAnalysisTool - INFO - UI Event - state_change - TabItem - Tab: 2024-11-25_tty.usbserial-143410.log, Selected: True
2025-06-26 11:32:05,246 - SCLogAnalysisTool - INFO - UI Event - show_page - MainWindow - EditorView
2025-06-26 11:32:05,248 - SCLogAnalysisTool - INFO - UI Event - switch_tab - MainWindow - Tab: /Users/chenguodong/Downloads/2024-11-25_tty.usbserial-143410.log
2025-06-26 11:32:06,898 - SCLogAnalysisTool - INFO - UI Event - set_expression - FilterInput - Expression: videoChnEnable
2025-06-26 11:32:06,899 - SCLogAnalysisTool - INFO - UI Event - text_change - FilterInput - Text: videoChnEnable
2025-06-26 11:32:06,899 - SCLogAnalysisTool - INFO - UI Event - apply_filter - FilterInput - Text: videoChnEnable, Options: case=False, word=False, regex=False
2025-06-26 11:32:06,936 - SCLogAnalysisTool - INFO - UI Event - match_count_change - FilterInput - Total matches: 107
2025-06-26 11:32:18,647 - SCLogAnalysisTool - INFO - UI Event - navigate - NextMatchButton - Current: 20/107
2025-06-26 11:32:19,575 - SCLogAnalysisTool - INFO - UI Event - navigate - NextMatchButton - Current: 21/107
2025-06-26 11:32:20,307 - SCLogAnalysisTool - INFO - UI Event - navigate - NextMatchButton - Current: 22/107
2025-06-26 11:32:20,752 - SCLogAnalysisTool - INFO - UI Event - navigate - NextMatchButton - Current: 23/107
2025-06-26 11:32:21,144 - SCLogAnalysisTool - INFO - UI Event - navigate - NextMatchButton - Current: 24/107
2025-06-26 11:32:21,465 - SCLogAnalysisTool - INFO - UI Event - navigate - NextMatchButton - Current: 25/107
2025-06-26 11:32:21,805 - SCLogAnalysisTool - INFO - UI Event - navigate - NextMatchButton - Current: 26/107
2025-06-26 11:32:22,113 - SCLogAnalysisTool - INFO - UI Event - navigate - NextMatchButton - Current: 27/107
2025-06-26 11:32:22,285 - SCLogAnalysisTool - INFO - UI Event - navigate - NextMatchButton - Current: 28/107
2025-06-26 11:33:32,281 - SCLogAnalysisTool - INFO - UI Event - switch_tab - MainWindow - Tab: /Users/chenguodong/Downloads/2024-11-25_tty.usbserial-143410.log
2025-06-26 11:33:32,282 - SCLogAnalysisTool - INFO - UI Event - state_change - TabItem - Tab: 2024-11-25_tty.usbserial-143410.log, Selected: True
2025-06-26 11:33:32,284 - SCLogAnalysisTool - INFO - UI Event - show_page - MainWindow - EditorView
2025-06-26 11:33:32,285 - SCLogAnalysisTool - INFO - UI Event - switch_tab - MainWindow - Tab: /Users/chenguodong/Downloads/2024-11-25_tty.usbserial-143410.log
2025-06-26 11:33:33,967 - SCLogAnalysisTool - INFO - UI Event - set_expression - FilterInput - Expression: videoChnEnable
2025-06-26 11:33:33,967 - SCLogAnalysisTool - INFO - UI Event - text_change - FilterInput - Text: videoChnEnable
2025-06-26 11:33:33,967 - SCLogAnalysisTool - INFO - UI Event - apply_filter - FilterInput - Text: videoChnEnable, Options: case=False, word=False, regex=False
2025-06-26 11:33:33,998 - SCLogAnalysisTool - INFO - UI Event - match_count_change - FilterInput - Total matches: 107
2025-06-26 11:33:35,144 - SCLogAnalysisTool - INFO - UI Event - navigate - NextMatchButton - Current: 2/107
2025-06-26 11:33:35,871 - SCLogAnalysisTool - INFO - UI Event - navigate - NextMatchButton - Current: 3/107
2025-06-26 11:33:36,192 - SCLogAnalysisTool - INFO - UI Event - navigate - NextMatchButton - Current: 4/107
2025-06-26 11:33:36,359 - SCLogAnalysisTool - INFO - UI Event - navigate - NextMatchButton - Current: 5/107
2025-06-26 11:33:36,536 - SCLogAnalysisTool - INFO - UI Event - navigate - NextMatchButton - Current: 6/107
2025-06-26 11:33:36,719 - SCLogAnalysisTool - INFO - UI Event - navigate - NextMatchButton - Current: 7/107
2025-06-26 11:33:36,928 - SCLogAnalysisTool - INFO - UI Event - navigate - NextMatchButton - Current: 8/107
2025-06-26 11:33:37,320 - SCLogAnalysisTool - INFO - UI Event - navigate - NextMatchButton - Current: 9/107
2025-06-26 11:33:37,512 - SCLogAnalysisTool - INFO - UI Event - navigate - NextMatchButton - Current: 10/107
2025-06-26 11:36:59,117 - SCLogAnalysisTool - INFO - UI Event - switch_tab - MainWindow - Tab: /Users/chenguodong/Downloads/2024-11-25_tty.usbserial-143410.log
2025-06-26 11:36:59,117 - SCLogAnalysisTool - INFO - UI Event - state_change - TabItem - Tab: 2024-11-25_tty.usbserial-143410.log, Selected: True
2025-06-26 11:36:59,118 - SCLogAnalysisTool - INFO - UI Event - show_page - MainWindow - EditorView
2025-06-26 11:36:59,119 - SCLogAnalysisTool - INFO - UI Event - switch_tab - MainWindow - Tab: /Users/chenguodong/Downloads/2024-11-25_tty.usbserial-143410.log
2025-06-26 11:37:01,083 - SCLogAnalysisTool - INFO - UI Event - set_expression - FilterInput - Expression: videoChnEnable
2025-06-26 11:37:01,083 - SCLogAnalysisTool - INFO - UI Event - text_change - FilterInput - Text: videoChnEnable
2025-06-26 11:37:01,083 - SCLogAnalysisTool - INFO - UI Event - apply_filter - FilterInput - Text: videoChnEnable, Options: case=False, word=False, regex=False
2025-06-26 11:37:01,109 - SCLogAnalysisTool - INFO - UI Event - match_count_change - FilterInput - Total matches: 107
2025-06-26 11:37:06,408 - SCLogAnalysisTool - INFO - UI Event - navigate - NextMatchButton - Current: 7/107
2025-06-26 11:37:07,106 - SCLogAnalysisTool - INFO - UI Event - navigate - NextMatchButton - Current: 8/107
2025-06-26 11:37:07,751 - SCLogAnalysisTool - INFO - UI Event - navigate - NextMatchButton - Current: 9/107
2025-06-26 11:37:08,199 - SCLogAnalysisTool - INFO - UI Event - navigate - NextMatchButton - Current: 10/107
2025-06-26 11:37:13,183 - SCLogAnalysisTool - INFO - UI Event - navigate - PrevMatchButton - Current: 3/107
2025-06-26 11:37:14,110 - SCLogAnalysisTool - INFO - UI Event - navigate - PrevMatchButton - Current: 2/107
2025-06-26 11:37:15,247 - SCLogAnalysisTool - INFO - UI Event - navigate - PrevMatchButton - Current: 1/107
2025-06-26 11:37:16,046 - SCLogAnalysisTool - INFO - UI Event - navigate - PrevMatchButton - Current: 107/107
2025-06-26 11:37:17,031 - SCLogAnalysisTool - INFO - UI Event - navigate - NextMatchButton - Current: 1/107
2025-06-26 11:38:36,227 - SCLogAnalysisTool - INFO - UI Event - switch_tab - MainWindow - Tab: /Users/chenguodong/Downloads/2024-11-25_tty.usbserial-143410.log
2025-06-26 11:38:36,227 - SCLogAnalysisTool - INFO - UI Event - state_change - TabItem - Tab: 2024-11-25_tty.usbserial-143410.log, Selected: True
2025-06-26 11:38:36,228 - SCLogAnalysisTool - INFO - UI Event - show_page - MainWindow - EditorView
2025-06-26 11:38:36,229 - SCLogAnalysisTool - INFO - UI Event - switch_tab - MainWindow - Tab: /Users/chenguodong/Downloads/2024-11-25_tty.usbserial-143410.log
2025-06-26 11:38:38,447 - SCLogAnalysisTool - INFO - UI Event - set_expression - FilterInput - Expression: videoChnEnable
2025-06-26 11:38:38,447 - SCLogAnalysisTool - INFO - UI Event - text_change - FilterInput - Text: videoChnEnable
2025-06-26 11:38:38,447 - SCLogAnalysisTool - INFO - UI Event - apply_filter - FilterInput - Text: videoChnEnable, Options: case=False, word=False, regex=False
2025-06-26 11:38:51,787 - SCLogAnalysisTool - INFO - UI Event - switch_tab - MainWindow - Tab: /Users/chenguodong/Downloads/2024-11-25_tty.usbserial-143410.log
2025-06-26 11:38:51,787 - SCLogAnalysisTool - INFO - UI Event - state_change - TabItem - Tab: 2024-11-25_tty.usbserial-143410.log, Selected: True
2025-06-26 11:38:51,789 - SCLogAnalysisTool - INFO - UI Event - show_page - MainWindow - EditorView
2025-06-26 11:38:51,789 - SCLogAnalysisTool - INFO - UI Event - switch_tab - MainWindow - Tab: /Users/chenguodong/Downloads/2024-11-25_tty.usbserial-143410.log
2025-06-26 11:38:53,195 - SCLogAnalysisTool - INFO - UI Event - set_expression - FilterInput - Expression: videoChnEnable
2025-06-26 11:38:53,196 - SCLogAnalysisTool - INFO - UI Event - text_change - FilterInput - Text: videoChnEnable
2025-06-26 11:38:53,196 - SCLogAnalysisTool - INFO - UI Event - apply_filter - FilterInput - Text: videoChnEnable, Options: case=False, word=False, regex=False
2025-06-26 11:38:53,233 - SCLogAnalysisTool - INFO - UI Event - match_count_change - FilterInput - Total matches: 107
2025-06-26 11:38:54,264 - SCLogAnalysisTool - INFO - UI Event - navigate - NextMatchButton - Current: 2/107
2025-06-26 11:38:54,839 - SCLogAnalysisTool - INFO - UI Event - navigate - NextMatchButton - Current: 3/107
2025-06-26 11:38:55,108 - SCLogAnalysisTool - INFO - UI Event - navigate - NextMatchButton - Current: 4/107
2025-06-26 11:38:55,271 - SCLogAnalysisTool - INFO - UI Event - navigate - NextMatchButton - Current: 5/107
2025-06-26 11:38:55,464 - SCLogAnalysisTool - INFO - UI Event - navigate - NextMatchButton - Current: 6/107
2025-06-26 11:38:55,576 - SCLogAnalysisTool - INFO - UI Event - navigate - NextMatchButton - Current: 7/107
2025-06-26 11:42:10,245 - SCLogAnalysisTool - INFO - UI Event - switch_tab - MainWindow - Tab: /Users/chenguodong/Downloads/2024-11-25_tty.usbserial-143410.log
2025-06-26 11:42:10,246 - SCLogAnalysisTool - INFO - UI Event - state_change - TabItem - Tab: 2024-11-25_tty.usbserial-143410.log, Selected: True
2025-06-26 11:42:10,247 - SCLogAnalysisTool - INFO - UI Event - show_page - MainWindow - EditorView
2025-06-26 11:42:10,250 - SCLogAnalysisTool - INFO - UI Event - switch_tab - MainWindow - Tab: /Users/chenguodong/Downloads/2024-11-25_tty.usbserial-143410.log
2025-06-26 11:42:12,601 - SCLogAnalysisTool - INFO - UI Event - set_expression - FilterInput - Expression: videoChnEnable
2025-06-26 11:42:12,602 - SCLogAnalysisTool - INFO - UI Event - text_change - FilterInput - Text: videoChnEnable
2025-06-26 11:42:12,602 - SCLogAnalysisTool - INFO - UI Event - apply_filter - FilterInput - Text: videoChnEnable, Options: case=False, word=False, regex=False
2025-06-26 11:42:12,643 - SCLogAnalysisTool - INFO - UI Event - match_count_change - FilterInput - Total matches: 107
2025-06-26 11:42:13,743 - SCLogAnalysisTool - INFO - UI Event - navigate - NextMatchButton - Current: 2/107
2025-06-26 11:42:25,087 - SCLogAnalysisTool - INFO - UI Event - navigate - NextMatchButton - Current: 3/107
2025-06-26 11:42:31,479 - SCLogAnalysisTool - INFO - UI Event - navigate - NextMatchButton - Current: 4/107
2025-06-26 11:43:07,200 - SCLogAnalysisTool - INFO - UI Event - switch_tab - MainWindow - Tab: /Users/chenguodong/Downloads/2024-11-25_tty.usbserial-143410.log
2025-06-26 11:43:07,200 - SCLogAnalysisTool - INFO - UI Event - state_change - TabItem - Tab: 2024-11-25_tty.usbserial-143410.log, Selected: True
2025-06-26 11:43:07,201 - SCLogAnalysisTool - INFO - UI Event - show_page - MainWindow - EditorView
2025-06-26 11:43:07,202 - SCLogAnalysisTool - INFO - UI Event - switch_tab - MainWindow - Tab: /Users/chenguodong/Downloads/2024-11-25_tty.usbserial-143410.log
2025-06-26 11:43:09,076 - SCLogAnalysisTool - INFO - UI Event - set_expression - FilterInput - Expression: videoChnEnable
2025-06-26 11:43:09,076 - SCLogAnalysisTool - INFO - UI Event - text_change - FilterInput - Text: videoChnEnable
2025-06-26 11:43:09,076 - SCLogAnalysisTool - INFO - UI Event - apply_filter - FilterInput - Text: videoChnEnable, Options: case=False, word=False, regex=False
2025-06-26 11:43:09,107 - SCLogAnalysisTool - INFO - UI Event - match_count_change - FilterInput - Total matches: 107
2025-06-26 11:43:10,392 - SCLogAnalysisTool - INFO - UI Event - navigate - NextMatchButton - Current: 2/107
2025-06-26 11:43:21,496 - SCLogAnalysisTool - INFO - UI Event - navigate - NextMatchButton - Current: 3/107
2025-06-26 11:43:25,590 - SCLogAnalysisTool - INFO - UI Event - navigate - NextMatchButton - Current: 4/107
2025-06-26 11:46:14,159 - SCLogAnalysisTool - INFO - UI Event - switch_tab - MainWindow - Tab: /Users/chenguodong/Downloads/2024-11-25_tty.usbserial-143410.log
2025-06-26 11:46:14,159 - SCLogAnalysisTool - INFO - UI Event - state_change - TabItem - Tab: 2024-11-25_tty.usbserial-143410.log, Selected: True
2025-06-26 11:46:14,160 - SCLogAnalysisTool - INFO - UI Event - show_page - MainWindow - EditorView
2025-06-26 11:46:14,161 - SCLogAnalysisTool - INFO - UI Event - switch_tab - MainWindow - Tab: /Users/chenguodong/Downloads/2024-11-25_tty.usbserial-143410.log
2025-06-26 11:46:16,780 - SCLogAnalysisTool - INFO - UI Event - set_expression - FilterInput - Expression: videoChnEnable
2025-06-26 11:46:16,780 - SCLogAnalysisTool - INFO - UI Event - text_change - FilterInput - Text: videoChnEnable
2025-06-26 11:46:16,780 - SCLogAnalysisTool - INFO - UI Event - apply_filter - FilterInput - Text: videoChnEnable, Options: case=False, word=False, regex=False
2025-06-26 11:46:16,813 - SCLogAnalysisTool - INFO - UI Event - match_count_change - FilterInput - Total matches: 107
2025-06-26 11:46:17,711 - SCLogAnalysisTool - INFO - UI Event - navigate - NextMatchButton - Current: 2/107
2025-06-26 11:58:20,568 - SCLogAnalysisTool - INFO - UI Event - switch_tab - MainWindow - Tab: /Users/chenguodong/Downloads/2024-11-25_tty.usbserial-143410.log
2025-06-26 11:58:20,568 - SCLogAnalysisTool - INFO - UI Event - state_change - TabItem - Tab: 2024-11-25_tty.usbserial-143410.log, Selected: True
2025-06-26 11:58:20,569 - SCLogAnalysisTool - INFO - UI Event - show_page - MainWindow - EditorView
2025-06-26 11:58:20,571 - SCLogAnalysisTool - INFO - UI Event - switch_tab - MainWindow - Tab: /Users/chenguodong/Downloads/2024-11-25_tty.usbserial-143410.log
2025-06-26 11:58:22,332 - SCLogAnalysisTool - INFO - UI Event - set_expression - FilterInput - Expression: videoChnEnable
2025-06-26 11:58:22,332 - SCLogAnalysisTool - INFO - UI Event - text_change - FilterInput - Text: videoChnEnable
2025-06-26 11:58:22,333 - SCLogAnalysisTool - INFO - UI Event - apply_filter - FilterInput - Text: videoChnEnable, Options: case=False, word=False, regex=False
2025-06-26 11:59:01,288 - SCLogAnalysisTool - INFO - UI Event - switch_tab - MainWindow - Tab: /Users/chenguodong/Downloads/2024-11-25_tty.usbserial-143410.log
2025-06-26 11:59:01,288 - SCLogAnalysisTool - INFO - UI Event - state_change - TabItem - Tab: 2024-11-25_tty.usbserial-143410.log, Selected: True
2025-06-26 11:59:01,289 - SCLogAnalysisTool - INFO - UI Event - show_page - MainWindow - EditorView
2025-06-26 11:59:01,290 - SCLogAnalysisTool - INFO - UI Event - switch_tab - MainWindow - Tab: /Users/chenguodong/Downloads/2024-11-25_tty.usbserial-143410.log
2025-06-26 11:59:03,854 - SCLogAnalysisTool - INFO - UI Event - set_expression - FilterInput - Expression: videoChnEnable
2025-06-26 11:59:03,856 - SCLogAnalysisTool - INFO - UI Event - text_change - FilterInput - Text: videoChnEnable
2025-06-26 11:59:03,856 - SCLogAnalysisTool - INFO - UI Event - apply_filter - FilterInput - Text: videoChnEnable, Options: case=False, word=False, regex=False
2025-06-26 11:59:03,896 - SCLogAnalysisTool - INFO - UI Event - match_count_change - FilterInput - Total matches: 107
2025-06-26 11:59:05,093 - SCLogAnalysisTool - INFO - UI Event - navigate - NextMatchButton - Current: 2/107
2025-06-26 11:59:05,549 - SCLogAnalysisTool - INFO - UI Event - navigate - NextMatchButton - Current: 3/107
2025-06-26 11:59:06,908 - SCLogAnalysisTool - INFO - UI Event - navigate - NextMatchButton - Current: 4/107
2025-06-26 11:59:07,292 - SCLogAnalysisTool - INFO - UI Event - navigate - NextMatchButton - Current: 5/107
2025-06-26 11:59:07,750 - SCLogAnalysisTool - INFO - UI Event - navigate - NextMatchButton - Current: 6/107
2025-06-26 11:59:08,262 - SCLogAnalysisTool - INFO - UI Event - navigate - NextMatchButton - Current: 7/107
2025-06-26 11:59:08,570 - SCLogAnalysisTool - INFO - UI Event - navigate - NextMatchButton - Current: 8/107
2025-06-26 11:59:08,870 - SCLogAnalysisTool - INFO - UI Event - navigate - NextMatchButton - Current: 9/107
2025-06-26 11:59:27,740 - SCLogAnalysisTool - INFO - UI Event - switch_tab - MainWindow - Tab: /Users/chenguodong/Downloads/2024-11-25_tty.usbserial-143410.log
2025-06-26 11:59:27,740 - SCLogAnalysisTool - INFO - UI Event - state_change - TabItem - Tab: 2024-11-25_tty.usbserial-143410.log, Selected: True
2025-06-26 11:59:27,742 - SCLogAnalysisTool - INFO - UI Event - show_page - MainWindow - EditorView
2025-06-26 11:59:27,743 - SCLogAnalysisTool - INFO - UI Event - switch_tab - MainWindow - Tab: /Users/chenguodong/Downloads/2024-11-25_tty.usbserial-143410.log
2025-06-26 11:59:31,563 - SCLogAnalysisTool - INFO - UI Event - toggle_view - FilterPanel - Visible: True
2025-06-26 11:59:33,575 - SCLogAnalysisTool - INFO - UI Event - set_expression - FilterInput - Expression: videoChnEnable
2025-06-26 11:59:33,575 - SCLogAnalysisTool - INFO - UI Event - text_change - FilterInput - Text: videoChnEnable
2025-06-26 11:59:33,575 - SCLogAnalysisTool - INFO - UI Event - apply_filter - FilterInput - Text: videoChnEnable, Options: case=False, word=False, regex=False
2025-06-26 11:59:33,626 - SCLogAnalysisTool - INFO - UI Event - match_count_change - FilterInput - Total matches: 107
2025-06-26 14:22:14,666 - SCLogAnalysisTool - INFO - UI Event - show_page - MainWindow - WelcomePage
2025-06-26 14:22:27,216 - SCLogAnalysisTool - INFO - UI Event - click - OpenFileButton - WelcomePage
2025-06-26 14:22:27,217 - SCLogAnalysisTool - INFO - UI Event - open_file_dialog - MainWindow
2025-06-26 14:22:33,404 - SCLogAnalysisTool - INFO - UI Event - open_file - MainWindow - File: /Users/chenguodong/Desktop/workplace/log/android.log
2025-06-26 14:22:34,414 - SCLogAnalysisTool - INFO - UI Event - switch_tab - MainWindow - Tab: /Users/chenguodong/Desktop/workplace/log/android.log
2025-06-26 14:22:34,414 - SCLogAnalysisTool - INFO - UI Event - state_change - TabItem - Tab: android.log, Selected: True
2025-06-26 14:22:34,525 - SCLogAnalysisTool - INFO - UI Event - show_page - MainWindow - EditorView
2025-06-26 14:22:44,828 - SCLogAnalysisTool - INFO - UI Event - set_expression - FilterInput - Expression: BleDeviceSearcher
2025-06-26 14:22:44,828 - SCLogAnalysisTool - INFO - UI Event - text_change - FilterInput - Text: BleDeviceSearcher
2025-06-26 14:22:44,828 - SCLogAnalysisTool - INFO - UI Event - apply_filter - FilterInput - Text: BleDeviceSearcher, Options: case=False, word=False, regex=False
2025-06-26 14:22:51,434 - SCLogAnalysisTool - INFO - UI Event - match_count_change - FilterInput - Total matches: 1428
2025-06-26 14:24:46,596 - SCLogAnalysisTool - INFO - UI Event - switch_tab - MainWindow - Tab: /Users/chenguodong/Desktop/workplace/log/android.log
2025-06-26 14:24:46,596 - SCLogAnalysisTool - INFO - UI Event - state_change - TabItem - Tab: android.log, Selected: True
2025-06-26 14:24:46,605 - SCLogAnalysisTool - INFO - UI Event - show_page - MainWindow - EditorView
2025-06-26 14:24:46,609 - SCLogAnalysisTool - INFO - UI Event - switch_tab - MainWindow - Tab: /Users/chenguodong/Desktop/workplace/log/android.log
2025-06-26 14:24:49,466 - SCLogAnalysisTool - INFO - UI Event - click - TabCloseButton - Tab: android.log
2025-06-26 14:24:49,467 - SCLogAnalysisTool - INFO - UI Event - close_tab - MainWindow - Tab: /Users/chenguodong/Desktop/workplace/log/android.log
2025-06-26 14:24:49,479 - SCLogAnalysisTool - INFO - UI Event - show_page - MainWindow - WelcomePage
2025-06-26 14:24:51,671 - SCLogAnalysisTool - INFO - UI Event - switch_tab - MainWindow - Tab: /Users/chenguodong/Desktop/workplace/log/android.log
2025-06-26 14:24:51,671 - SCLogAnalysisTool - INFO - UI Event - state_change - TabItem - Tab: android.log, Selected: True
2025-06-26 14:24:51,678 - SCLogAnalysisTool - INFO - UI Event - show_page - MainWindow - EditorView
2025-06-26 14:24:53,874 - SCLogAnalysisTool - INFO - UI Event - set_expression - FilterInput - Expression: AccountManager
2025-06-26 14:24:53,874 - SCLogAnalysisTool - INFO - UI Event - text_change - FilterInput - Text: AccountManager
2025-06-26 14:24:53,874 - SCLogAnalysisTool - INFO - UI Event - apply_filter - FilterInput - Text: AccountManager, Options: case=False, word=False, regex=False
2025-06-26 14:24:53,897 - SCLogAnalysisTool - INFO - UI Event - match_count_change - FilterInput - Total matches: 96
2025-06-26 14:24:57,228 - SCLogAnalysisTool - INFO - UI Event - navigate - NextMatchButton - Current: 2/96
2025-06-26 14:24:57,588 - SCLogAnalysisTool - INFO - UI Event - navigate - NextMatchButton - Current: 3/96
2025-06-26 14:24:57,918 - SCLogAnalysisTool - INFO - UI Event - navigate - NextMatchButton - Current: 4/96
2025-06-26 14:24:58,256 - SCLogAnalysisTool - INFO - UI Event - navigate - NextMatchButton - Current: 5/96
2025-06-26 14:24:58,445 - SCLogAnalysisTool - INFO - UI Event - navigate - NextMatchButton - Current: 6/96
2025-06-26 14:24:58,596 - SCLogAnalysisTool - INFO - UI Event - navigate - NextMatchButton - Current: 7/96
2025-06-26 14:24:58,780 - SCLogAnalysisTool - INFO - UI Event - navigate - NextMatchButton - Current: 8/96
2025-06-26 14:24:58,956 - SCLogAnalysisTool - INFO - UI Event - navigate - NextMatchButton - Current: 9/96
2025-06-26 14:24:59,117 - SCLogAnalysisTool - INFO - UI Event - navigate - NextMatchButton - Current: 10/96
2025-06-26 14:24:59,295 - SCLogAnalysisTool - INFO - UI Event - navigate - NextMatchButton - Current: 11/96
2025-06-26 14:25:01,687 - SCLogAnalysisTool - INFO - UI Event - set_expression - FilterInput - Expression: BleDeviceSearcher
2025-06-26 14:25:01,688 - SCLogAnalysisTool - INFO - UI Event - text_change - FilterInput - Text: BleDeviceSearcher
2025-06-26 14:25:01,688 - SCLogAnalysisTool - INFO - UI Event - apply_filter - FilterInput - Text: BleDeviceSearcher, Options: case=False, word=False, regex=False
2025-06-26 14:25:01,807 - SCLogAnalysisTool - INFO - UI Event - match_count_change - FilterInput - Total matches: 1428
2025-06-26 14:25:04,143 - SCLogAnalysisTool - INFO - UI Event - navigate - NextMatchButton - Current: 2/1428
2025-06-26 14:25:04,568 - SCLogAnalysisTool - INFO - UI Event - navigate - NextMatchButton - Current: 3/1428
2025-06-26 14:25:04,901 - SCLogAnalysisTool - INFO - UI Event - navigate - NextMatchButton - Current: 4/1428
2025-06-26 14:25:05,118 - SCLogAnalysisTool - INFO - UI Event - navigate - NextMatchButton - Current: 5/1428
2025-06-26 14:25:05,318 - SCLogAnalysisTool - INFO - UI Event - navigate - NextMatchButton - Current: 6/1428
2025-06-26 14:25:05,480 - SCLogAnalysisTool - INFO - UI Event - navigate - NextMatchButton - Current: 7/1428
2025-06-26 14:25:05,953 - SCLogAnalysisTool - INFO - UI Event - navigate - NextMatchButton - Current: 8/1428
2025-06-26 14:25:06,109 - SCLogAnalysisTool - INFO - UI Event - navigate - NextMatchButton - Current: 9/1428
2025-06-26 14:25:06,377 - SCLogAnalysisTool - INFO - UI Event - navigate - NextMatchButton - Current: 10/1428
2025-06-26 14:25:06,746 - SCLogAnalysisTool - INFO - UI Event - navigate - NextMatchButton - Current: 11/1428
2025-06-26 14:25:35,511 - SCLogAnalysisTool - INFO - UI Event - navigate - NextMatchButton - Current: 17/1428
2025-06-26 14:25:36,636 - SCLogAnalysisTool - INFO - UI Event - navigate - NextMatchButton - Current: 18/1428
2025-06-26 14:25:37,318 - SCLogAnalysisTool - INFO - UI Event - navigate - NextMatchButton - Current: 19/1428
2025-06-26 14:26:44,909 - SCLogAnalysisTool - INFO - UI Event - navigate - NextMatchButton - Current: 20/1428
2025-06-26 14:26:45,265 - SCLogAnalysisTool - INFO - UI Event - navigate - NextMatchButton - Current: 21/1428
2025-06-26 14:26:45,460 - SCLogAnalysisTool - INFO - UI Event - navigate - NextMatchButton - Current: 22/1428
2025-06-26 14:26:45,640 - SCLogAnalysisTool - INFO - UI Event - navigate - NextMatchButton - Current: 23/1428
2025-06-26 14:26:45,808 - SCLogAnalysisTool - INFO - UI Event - navigate - NextMatchButton - Current: 24/1428
2025-06-26 14:26:45,965 - SCLogAnalysisTool - INFO - UI Event - navigate - NextMatchButton - Current: 25/1428
2025-06-26 14:26:46,155 - SCLogAnalysisTool - INFO - UI Event - navigate - NextMatchButton - Current: 26/1428
2025-06-26 14:26:46,330 - SCLogAnalysisTool - INFO - UI Event - navigate - NextMatchButton - Current: 27/1428
2025-06-26 14:26:46,484 - SCLogAnalysisTool - INFO - UI Event - navigate - NextMatchButton - Current: 28/1428
2025-06-26 14:26:46,676 - SCLogAnalysisTool - INFO - UI Event - navigate - NextMatchButton - Current: 29/1428
2025-06-26 14:26:46,831 - SCLogAnalysisTool - INFO - UI Event - navigate - NextMatchButton - Current: 30/1428
2025-06-26 14:26:47,397 - SCLogAnalysisTool - INFO - UI Event - navigate - NextMatchButton - Current: 31/1428
2025-06-26 14:26:48,840 - SCLogAnalysisTool - INFO - UI Event - navigate - NextMatchButton - Current: 32/1428
2025-06-26 14:26:49,884 - SCLogAnalysisTool - INFO - UI Event - navigate - NextMatchButton - Current: 33/1428
2025-06-26 14:26:51,222 - SCLogAnalysisTool - INFO - UI Event - navigate - NextMatchButton - Current: 34/1428
2025-06-26 14:26:52,514 - SCLogAnalysisTool - INFO - UI Event - navigate - NextMatchButton - Current: 35/1428
2025-06-26 14:26:54,356 - SCLogAnalysisTool - INFO - UI Event - navigate - NextMatchButton - Current: 36/1428
2025-06-26 14:26:56,421 - SCLogAnalysisTool - INFO - UI Event - navigate - PrevMatchButton - Current: 35/1428
2025-06-26 14:27:32,097 - SCLogAnalysisTool - INFO - UI Event - switch_tab - MainWindow - Tab: /Users/chenguodong/Desktop/workplace/log/android.log
2025-06-26 14:27:32,098 - SCLogAnalysisTool - INFO - UI Event - state_change - TabItem - Tab: android.log, Selected: True
2025-06-26 14:27:32,100 - SCLogAnalysisTool - INFO - UI Event - show_page - MainWindow - EditorView
2025-06-26 14:27:32,102 - SCLogAnalysisTool - INFO - UI Event - switch_tab - MainWindow - Tab: /Users/chenguodong/Desktop/workplace/log/android.log
2025-06-26 14:27:38,266 - SCLogAnalysisTool - INFO - UI Event - set_expression - FilterInput - Expression: smartaddx
2025-06-26 14:27:38,267 - SCLogAnalysisTool - INFO - UI Event - text_change - FilterInput - Text: smartaddx
2025-06-26 14:27:38,267 - SCLogAnalysisTool - INFO - UI Event - apply_filter - FilterInput - Text: smartaddx, Options: case=False, word=False, regex=False
2025-06-26 14:28:20,185 - SCLogAnalysisTool - INFO - UI Event - switch_tab - MainWindow - Tab: /Users/chenguodong/Desktop/workplace/log/android.log
2025-06-26 14:28:20,185 - SCLogAnalysisTool - INFO - UI Event - state_change - TabItem - Tab: android.log, Selected: True
2025-06-26 14:28:20,187 - SCLogAnalysisTool - INFO - UI Event - show_page - MainWindow - EditorView
2025-06-26 14:28:20,188 - SCLogAnalysisTool - INFO - UI Event - switch_tab - MainWindow - Tab: /Users/chenguodong/Desktop/workplace/log/android.log
2025-06-26 14:28:22,718 - SCLogAnalysisTool - INFO - UI Event - set_expression - FilterInput - Expression: smartaddx
2025-06-26 14:28:22,718 - SCLogAnalysisTool - INFO - UI Event - text_change - FilterInput - Text: smartaddx
2025-06-26 14:28:22,718 - SCLogAnalysisTool - INFO - UI Event - apply_filter - FilterInput - Text: smartaddx, Options: case=False, word=False, regex=False
2025-06-26 14:37:47,669 - SCLogAnalysisTool - INFO - UI Event - switch_tab - MainWindow - Tab: /Users/chenguodong/Desktop/workplace/log/android.log
2025-06-26 14:37:47,669 - SCLogAnalysisTool - INFO - UI Event - state_change - TabItem - Tab: android.log, Selected: True
2025-06-26 14:37:47,670 - SCLogAnalysisTool - INFO - UI Event - show_page - MainWindow - EditorView
2025-06-26 14:37:47,672 - SCLogAnalysisTool - INFO - UI Event - switch_tab - MainWindow - Tab: /Users/chenguodong/Desktop/workplace/log/android.log
2025-06-26 14:37:50,445 - SCLogAnalysisTool - INFO - UI Event - set_expression - FilterInput - Expression: smartaddx
2025-06-26 14:37:50,445 - SCLogAnalysisTool - INFO - UI Event - text_change - FilterInput - Text: smartaddx
2025-06-26 14:37:50,445 - SCLogAnalysisTool - INFO - UI Event - apply_filter - FilterInput - Text: smartaddx, Options: case=False, word=False, regex=False
2025-06-26 14:37:50,521 - SCLogAnalysisTool - INFO - UI Event - match_count_change - FilterInput - Total matches: 2489
2025-06-26 14:37:53,668 - SCLogAnalysisTool - INFO - UI Event - navigate - NextMatchButton - Current: 12/2489
2025-06-26 14:37:54,247 - SCLogAnalysisTool - INFO - UI Event - navigate - NextMatchButton - Current: 13/2489
2025-06-26 14:37:54,640 - SCLogAnalysisTool - INFO - UI Event - navigate - NextMatchButton - Current: 14/2489
2025-06-26 14:37:54,930 - SCLogAnalysisTool - INFO - UI Event - navigate - NextMatchButton - Current: 15/2489
2025-06-26 14:37:55,268 - SCLogAnalysisTool - INFO - UI Event - navigate - NextMatchButton - Current: 16/2489
2025-06-26 14:37:56,364 - SCLogAnalysisTool - INFO - UI Event - navigate - NextMatchButton - Current: 17/2489
2025-06-26 14:37:57,424 - SCLogAnalysisTool - INFO - UI Event - navigate - NextMatchButton - Current: 18/2489
2025-06-26 14:37:57,980 - SCLogAnalysisTool - INFO - UI Event - navigate - NextMatchButton - Current: 19/2489
2025-06-26 14:37:58,322 - SCLogAnalysisTool - INFO - UI Event - navigate - NextMatchButton - Current: 20/2489
2025-06-26 14:37:58,646 - SCLogAnalysisTool - INFO - UI Event - navigate - NextMatchButton - Current: 21/2489
2025-06-26 14:37:58,788 - SCLogAnalysisTool - INFO - UI Event - navigate - NextMatchButton - Current: 22/2489
2025-06-26 14:43:04,447 - SCLogAnalysisTool - INFO - UI Event - switch_tab - MainWindow - Tab: /Users/chenguodong/Desktop/workplace/log/android.log
2025-06-26 14:43:04,447 - SCLogAnalysisTool - INFO - UI Event - state_change - TabItem - Tab: android.log, Selected: True
2025-06-26 14:43:04,451 - SCLogAnalysisTool - INFO - UI Event - show_page - MainWindow - EditorView
2025-06-26 14:43:04,454 - SCLogAnalysisTool - INFO - UI Event - switch_tab - MainWindow - Tab: /Users/chenguodong/Desktop/workplace/log/android.log
2025-06-26 14:43:19,802 - SCLogAnalysisTool - INFO - UI Event - set_expression - FilterInput - Expression: smartaddx
2025-06-26 14:43:19,803 - SCLogAnalysisTool - INFO - UI Event - text_change - FilterInput - Text: smartaddx
2025-06-26 14:43:19,803 - SCLogAnalysisTool - INFO - UI Event - apply_filter - FilterInput - Text: smartaddx, Options: case=False, word=False, regex=False
2025-06-26 14:43:19,864 - SCLogAnalysisTool - INFO - UI Event - match_count_change - FilterInput - Total matches: 2489
2025-06-26 14:43:39,986 - SCLogAnalysisTool - INFO - UI Event - navigate - NextMatchButton - Current: 44/2489
2025-06-26 14:44:37,225 - SCLogAnalysisTool - INFO - UI Event - switch_tab - MainWindow - Tab: /Users/chenguodong/Desktop/workplace/log/android.log
2025-06-26 14:44:37,225 - SCLogAnalysisTool - INFO - UI Event - state_change - TabItem - Tab: android.log, Selected: True
2025-06-26 14:44:37,226 - SCLogAnalysisTool - INFO - UI Event - show_page - MainWindow - EditorView
2025-06-26 14:44:37,228 - SCLogAnalysisTool - INFO - UI Event - switch_tab - MainWindow - Tab: /Users/chenguodong/Desktop/workplace/log/android.log
2025-06-26 14:44:38,840 - SCLogAnalysisTool - INFO - UI Event - click - TabCloseButton - Tab: android.log
2025-06-26 14:44:38,841 - SCLogAnalysisTool - INFO - UI Event - close_tab - MainWindow - Tab: /Users/chenguodong/Desktop/workplace/log/android.log
2025-06-26 14:44:38,849 - SCLogAnalysisTool - INFO - UI Event - show_page - MainWindow - WelcomePage
2025-06-26 15:38:02,684 - SCLogAnalysisTool - INFO - UI Event - show_page - MainWindow - WelcomePage
